ARM GAS  /tmp/ccnMvug2.s 			page 1


   1              		.syntax unified
   2              		.cpu cortex-m4
   3              		.eabi_attribute 27, 1
   4              		.eabi_attribute 28, 1
   5              		.fpu fpv4-sp-d16
   6              		.eabi_attribute 20, 1
   7              		.eabi_attribute 21, 1
   8              		.eabi_attribute 23, 3
   9              		.eabi_attribute 24, 1
  10              		.eabi_attribute 25, 1
  11              		.eabi_attribute 26, 1
  12              		.eabi_attribute 30, 1
  13              		.eabi_attribute 34, 1
  14              		.eabi_attribute 18, 4
  15              		.thumb
  16              		.syntax unified
  17              		.file	"freertos.c"
  18              		.text
  19              	.Ltext0:
  20              		.cfi_sections	.debug_frame
  21              		.section	.text.user_pwm_setvalue,"ax",%progbits
  22              		.align	2
  23              		.global	user_pwm_setvalue
  24              		.thumb
  25              		.thumb_func
  27              	user_pwm_setvalue:
  28              	.LFB129:
  29              		.file 1 "Src/freertos.c"
   1:Src/freertos.c **** /**
   2:Src/freertos.c ****   ******************************************************************************
   3:Src/freertos.c ****   * File Name          : freertos.c
   4:Src/freertos.c ****   * Description        : Code for freertos applications
   5:Src/freertos.c ****   ******************************************************************************
   6:Src/freertos.c ****   * This notice applies to any and all portions of this file
   7:Src/freertos.c ****   * that are not between comment pairs USER CODE BEGIN and
   8:Src/freertos.c ****   * USER CODE END. Other portions of this file, whether 
   9:Src/freertos.c ****   * inserted by the user or by software development tools
  10:Src/freertos.c ****   * are owned by their respective copyright owners.
  11:Src/freertos.c ****   *
  12:Src/freertos.c ****   * Copyright (c) 2017 STMicroelectronics International N.V. 
  13:Src/freertos.c ****   * All rights reserved.
  14:Src/freertos.c ****   *
  15:Src/freertos.c ****   * Redistribution and use in source and binary forms, with or without 
  16:Src/freertos.c ****   * modification, are permitted, provided that the following conditions are met:
  17:Src/freertos.c ****   *
  18:Src/freertos.c ****   * 1. Redistribution of source code must retain the above copyright notice, 
  19:Src/freertos.c ****   *    this list of conditions and the following disclaimer.
  20:Src/freertos.c ****   * 2. Redistributions in binary form must reproduce the above copyright notice,
  21:Src/freertos.c ****   *    this list of conditions and the following disclaimer in the documentation
  22:Src/freertos.c ****   *    and/or other materials provided with the distribution.
  23:Src/freertos.c ****   * 3. Neither the name of STMicroelectronics nor the names of other 
  24:Src/freertos.c ****   *    contributors to this software may be used to endorse or promote products 
  25:Src/freertos.c ****   *    derived from this software without specific written permission.
  26:Src/freertos.c ****   * 4. This software, including modifications and/or derivative works of this 
  27:Src/freertos.c ****   *    software, must execute solely and exclusively on microcontroller or
  28:Src/freertos.c ****   *    microprocessor devices manufactured by or for STMicroelectronics.
  29:Src/freertos.c ****   * 5. Redistribution and use of this software other than as permitted under 
ARM GAS  /tmp/ccnMvug2.s 			page 2


  30:Src/freertos.c ****   *    this license is void and will automatically terminate your rights under 
  31:Src/freertos.c ****   *    this license. 
  32:Src/freertos.c ****   *
  33:Src/freertos.c ****   * THIS SOFTWARE IS PROVIDED BY STMICROELECTRONICS AND CONTRIBUTORS "AS IS" 
  34:Src/freertos.c ****   * AND ANY EXPRESS, IMPLIED OR STATUTORY WARRANTIES, INCLUDING, BUT NOT 
  35:Src/freertos.c ****   * LIMITED TO, THE IMPLIED WARRANTIES OF MERCHANTABILITY, FITNESS FOR A 
  36:Src/freertos.c ****   * PARTICULAR PURPOSE AND NON-INFRINGEMENT OF THIRD PARTY INTELLECTUAL PROPERTY
  37:Src/freertos.c ****   * RIGHTS ARE DISCLAIMED TO THE FULLEST EXTENT PERMITTED BY LAW. IN NO EVENT 
  38:Src/freertos.c ****   * SHALL STMICROELECTRONICS OR CONTRIBUTORS BE LIABLE FOR ANY DIRECT, INDIRECT,
  39:Src/freertos.c ****   * INCIDENTAL, SPECIAL, EXEMPLARY, OR CONSEQUENTIAL DAMAGES (INCLUDING, BUT NOT
  40:Src/freertos.c ****   * LIMITED TO, PROCUREMENT OF SUBSTITUTE GOODS OR SERVICES; LOSS OF USE, DATA, 
  41:Src/freertos.c ****   * OR PROFITS; OR BUSINESS INTERRUPTION) HOWEVER CAUSED AND ON ANY THEORY OF 
  42:Src/freertos.c ****   * LIABILITY, WHETHER IN CONTRACT, STRICT LIABILITY, OR TORT (INCLUDING 
  43:Src/freertos.c ****   * NEGLIGENCE OR OTHERWISE) ARISING IN ANY WAY OUT OF THE USE OF THIS SOFTWARE,
  44:Src/freertos.c ****   * EVEN IF ADVISED OF THE POSSIBILITY OF SUCH DAMAGE.
  45:Src/freertos.c ****   *
  46:Src/freertos.c ****   ******************************************************************************
  47:Src/freertos.c ****   */
  48:Src/freertos.c **** 
  49:Src/freertos.c **** /* Includes ------------------------------------------------------------------*/
  50:Src/freertos.c **** #include "FreeRTOS.h"
  51:Src/freertos.c **** #include "task.h"
  52:Src/freertos.c **** 
  53:Src/freertos.c **** /* USER CODE BEGIN Includes */     
  54:Src/freertos.c **** #include "cmsis_os.h" // pour osDelay
  55:Src/freertos.c **** #include "main.h" // pour les macro definies par stm32cube
  56:Src/freertos.c **** #include "stm32f3xx_hal.h" // pour tous les trucs de la HAL
  57:Src/freertos.c **** /* USER CODE END Includes */
  58:Src/freertos.c **** 
  59:Src/freertos.c **** /* Variables -----------------------------------------------------------------*/
  60:Src/freertos.c **** 
  61:Src/freertos.c **** /* USER CODE BEGIN Variables */
  62:Src/freertos.c **** extern TIM_HandleTypeDef htim3; // pour pouvoir utiliser l'instance de htim3
  63:Src/freertos.c **** /* USER CODE END Variables */
  64:Src/freertos.c **** 
  65:Src/freertos.c **** /* Function prototypes -------------------------------------------------------*/
  66:Src/freertos.c **** 
  67:Src/freertos.c **** /* USER CODE BEGIN FunctionPrototypes */
  68:Src/freertos.c **** void user_pwm_setvalue(uint16_t value)
  69:Src/freertos.c **** {
  30              		.loc 1 69 0
  31              		.cfi_startproc
  32              		@ args = 0, pretend = 0, frame = 32
  33              		@ frame_needed = 0, uses_anonymous_args = 0
  34              	.LVL0:
  35 0000 30B5     		push	{r4, r5, lr}
  36              	.LCFI0:
  37              		.cfi_def_cfa_offset 12
  38              		.cfi_offset 4, -12
  39              		.cfi_offset 5, -8
  40              		.cfi_offset 14, -4
  41 0002 89B0     		sub	sp, sp, #36
  42              	.LCFI1:
  43              		.cfi_def_cfa_offset 48
  70:Src/freertos.c ****     TIM_OC_InitTypeDef sConfigOC;
  71:Src/freertos.c **** 
  72:Src/freertos.c ****     sConfigOC.OCMode = TIM_OCMODE_PWM1;
ARM GAS  /tmp/ccnMvug2.s 			page 3


  44              		.loc 1 72 0
  45 0004 6023     		movs	r3, #96
  46 0006 0193     		str	r3, [sp, #4]
  73:Src/freertos.c ****     sConfigOC.Pulse = value;
  47              		.loc 1 73 0
  48 0008 0290     		str	r0, [sp, #8]
  74:Src/freertos.c ****     sConfigOC.OCPolarity = TIM_OCPOLARITY_HIGH;
  49              		.loc 1 74 0
  50 000a 0024     		movs	r4, #0
  51 000c 0394     		str	r4, [sp, #12]
  75:Src/freertos.c ****     sConfigOC.OCFastMode = TIM_OCFAST_DISABLE;
  52              		.loc 1 75 0
  53 000e 0594     		str	r4, [sp, #20]
  76:Src/freertos.c ****     HAL_TIM_PWM_ConfigChannel(&htim3, &sConfigOC, TIM_CHANNEL_1);
  54              		.loc 1 76 0
  55 0010 054D     		ldr	r5, .L3
  56 0012 2246     		mov	r2, r4
  57 0014 01A9     		add	r1, sp, #4
  58 0016 2846     		mov	r0, r5
  59              	.LVL1:
  60 0018 FFF7FEFF 		bl	HAL_TIM_PWM_ConfigChannel
  61              	.LVL2:
  77:Src/freertos.c ****     HAL_TIM_PWM_Start(&htim3, TIM_CHANNEL_1);
  62              		.loc 1 77 0
  63 001c 2146     		mov	r1, r4
  64 001e 2846     		mov	r0, r5
  65 0020 FFF7FEFF 		bl	HAL_TIM_PWM_Start
  66              	.LVL3:
  78:Src/freertos.c **** }
  67              		.loc 1 78 0
  68 0024 09B0     		add	sp, sp, #36
  69              	.LCFI2:
  70              		.cfi_def_cfa_offset 12
  71              		@ sp needed
  72 0026 30BD     		pop	{r4, r5, pc}
  73              	.L4:
  74              		.align	2
  75              	.L3:
  76 0028 00000000 		.word	htim3
  77              		.cfi_endproc
  78              	.LFE129:
  80              		.section	.text.pwmTask,"ax",%progbits
  81              		.align	2
  82              		.global	pwmTask
  83              		.thumb
  84              		.thumb_func
  86              	pwmTask:
  87              	.LFB130:
  79:Src/freertos.c **** 
  80:Src/freertos.c **** /* USER CODE END FunctionPrototypes */
  81:Src/freertos.c **** 
  82:Src/freertos.c **** /* Hook prototypes */
  83:Src/freertos.c **** 
  84:Src/freertos.c **** /* USER CODE BEGIN Application */
  85:Src/freertos.c **** void pwmTask(void const * argument)
  86:Src/freertos.c **** {
  88              		.loc 1 86 0
ARM GAS  /tmp/ccnMvug2.s 			page 4


  89              		.cfi_startproc
  90              		@ args = 0, pretend = 0, frame = 0
  91              		@ frame_needed = 0, uses_anonymous_args = 0
  92              	.LVL4:
  93 0000 38B5     		push	{r3, r4, r5, lr}
  94              	.LCFI3:
  95              		.cfi_def_cfa_offset 16
  96              		.cfi_offset 3, -16
  97              		.cfi_offset 4, -12
  98              		.cfi_offset 5, -8
  99              		.cfi_offset 14, -4
  87:Src/freertos.c ****   /* USER CODE BEGIN pwmTask */
  88:Src/freertos.c ****   /* int pwm_value = 0;
  89:Src/freertos.c ****   int step = 0; */
  90:Src/freertos.c **** 
  91:Src/freertos.c ****   HAL_TIM_Base_Start(&htim3);
 100              		.loc 1 91 0
 101 0002 0B4C     		ldr	r4, .L12
 102 0004 2046     		mov	r0, r4
 103              	.LVL5:
 104 0006 FFF7FEFF 		bl	HAL_TIM_Base_Start
 105              	.LVL6:
  92:Src/freertos.c ****   HAL_TIM_PWM_Start(&htim3, TIM_CHANNEL_1);
 106              		.loc 1 92 0
 107 000a 0021     		movs	r1, #0
 108 000c 2046     		mov	r0, r4
 109 000e FFF7FEFF 		bl	HAL_TIM_PWM_Start
 110              	.LVL7:
  93:Src/freertos.c ****   int step = 0;
  94:Src/freertos.c ****   int pwm_value = 0;
 111              		.loc 1 94 0
 112 0012 0024     		movs	r4, #0
  93:Src/freertos.c ****   int step = 0;
 113              		.loc 1 93 0
 114 0014 2546     		mov	r5, r4
 115              	.LVL8:
 116              	.L8:
  95:Src/freertos.c **** 
  96:Src/freertos.c ****   /* Infinite loop */
  97:Src/freertos.c ****   for(;;)
  98:Src/freertos.c ****   {
  99:Src/freertos.c ****     if(pwm_value == 0) step = 10;
 117              		.loc 1 99 0
 118 0016 04B9     		cbnz	r4, .L6
 119 0018 0A25     		movs	r5, #10
 120              	.LVL9:
 121              	.L6:
 100:Src/freertos.c ****     if(pwm_value == 7000) step = -10;
 122              		.loc 1 100 0
 123 001a 41F65833 		movw	r3, #7000
 124 001e 9C42     		cmp	r4, r3
 125 0020 01D1     		bne	.L7
 126 0022 6FF00905 		mvn	r5, #9
 127              	.LVL10:
 128              	.L7:
 101:Src/freertos.c ****     pwm_value += step;
 129              		.loc 1 101 0
ARM GAS  /tmp/ccnMvug2.s 			page 5


 130 0026 2C44     		add	r4, r4, r5
 131              	.LVL11:
 102:Src/freertos.c ****     //user_pwm_setvalue(pwm_value);
 103:Src/freertos.c ****     osDelay(1);
 132              		.loc 1 103 0
 133 0028 0120     		movs	r0, #1
 134 002a FFF7FEFF 		bl	osDelay
 135              	.LVL12:
 104:Src/freertos.c ****   }
 136              		.loc 1 104 0
 137 002e F2E7     		b	.L8
 138              	.L13:
 139              		.align	2
 140              	.L12:
 141 0030 00000000 		.word	htim3
 142              		.cfi_endproc
 143              	.LFE130:
 145              		.text
 146              	.Letext0:
 147              		.file 2 "/usr/include/newlib/machine/_default_types.h"
 148              		.file 3 "/usr/include/newlib/sys/_stdint.h"
 149              		.file 4 "Drivers/CMSIS/Device/ST/STM32F3xx/Include/stm32f303x8.h"
 150              		.file 5 "Drivers/STM32F3xx_HAL_Driver/Inc/stm32f3xx_hal_def.h"
 151              		.file 6 "Drivers/STM32F3xx_HAL_Driver/Inc/stm32f3xx_hal_dma.h"
 152              		.file 7 "Drivers/STM32F3xx_HAL_Driver/Inc/stm32f3xx_hal_tim.h"
 153              		.file 8 "Drivers/CMSIS/Include/core_cm4.h"
 154              		.file 9 "Middlewares/Third_Party/FreeRTOS/Source/CMSIS_RTOS/cmsis_os.h"
ARM GAS  /tmp/ccnMvug2.s 			page 6


DEFINED SYMBOLS
                            *ABS*:0000000000000000 freertos.c
     /tmp/ccnMvug2.s:22     .text.user_pwm_setvalue:0000000000000000 $t
     /tmp/ccnMvug2.s:27     .text.user_pwm_setvalue:0000000000000000 user_pwm_setvalue
     /tmp/ccnMvug2.s:76     .text.user_pwm_setvalue:0000000000000028 $d
     /tmp/ccnMvug2.s:81     .text.pwmTask:0000000000000000 $t
     /tmp/ccnMvug2.s:86     .text.pwmTask:0000000000000000 pwmTask
     /tmp/ccnMvug2.s:141    .text.pwmTask:0000000000000030 $d
                     .debug_frame:0000000000000010 $d

UNDEFINED SYMBOLS
HAL_TIM_PWM_ConfigChannel
HAL_TIM_PWM_Start
htim3
HAL_TIM_Base_Start
osDelay
