ARM GAS  /tmp/ccnKTv1c.s 			page 1


   1              		.syntax unified
   2              		.cpu cortex-m4
   3              		.eabi_attribute 27, 1
   4              		.eabi_attribute 28, 1
   5              		.fpu fpv4-sp-d16
   6              		.eabi_attribute 20, 1
   7              		.eabi_attribute 21, 1
   8              		.eabi_attribute 23, 3
   9              		.eabi_attribute 24, 1
  10              		.eabi_attribute 25, 1
  11              		.eabi_attribute 26, 1
  12              		.eabi_attribute 30, 1
  13              		.eabi_attribute 34, 1
  14              		.eabi_attribute 18, 4
  15              		.thumb
  16              		.file	"stm32f3xx_hal_msp.c"
  17              		.text
  18              	.Ltext0:
  19              		.cfi_sections	.debug_frame
  20              		.section	.text.HAL_MspInit,"ax",%progbits
  21              		.align	2
  22              		.global	HAL_MspInit
  23              		.thumb
  24              		.thumb_func
  26              	HAL_MspInit:
  27              	.LFB123:
  28              		.file 1 "Src/stm32f3xx_hal_msp.c"
   1:Src/stm32f3xx_hal_msp.c **** /**
   2:Src/stm32f3xx_hal_msp.c ****   ******************************************************************************
   3:Src/stm32f3xx_hal_msp.c ****   * File Name          : stm32f3xx_hal_msp.c
   4:Src/stm32f3xx_hal_msp.c ****   * Description        : This file provides code for the MSP Initialization 
   5:Src/stm32f3xx_hal_msp.c ****   *                      and de-Initialization codes.
   6:Src/stm32f3xx_hal_msp.c ****   ******************************************************************************
   7:Src/stm32f3xx_hal_msp.c ****   * This notice applies to any and all portions of this file
   8:Src/stm32f3xx_hal_msp.c ****   * that are not between comment pairs USER CODE BEGIN and
   9:Src/stm32f3xx_hal_msp.c ****   * USER CODE END. Other portions of this file, whether 
  10:Src/stm32f3xx_hal_msp.c ****   * inserted by the user or by software development tools
  11:Src/stm32f3xx_hal_msp.c ****   * are owned by their respective copyright owners.
  12:Src/stm32f3xx_hal_msp.c ****   *
  13:Src/stm32f3xx_hal_msp.c ****   * Copyright (c) 2017 STMicroelectronics International N.V. 
  14:Src/stm32f3xx_hal_msp.c ****   * All rights reserved.
  15:Src/stm32f3xx_hal_msp.c ****   *
  16:Src/stm32f3xx_hal_msp.c ****   * Redistribution and use in source and binary forms, with or without 
  17:Src/stm32f3xx_hal_msp.c ****   * modification, are permitted, provided that the following conditions are met:
  18:Src/stm32f3xx_hal_msp.c ****   *
  19:Src/stm32f3xx_hal_msp.c ****   * 1. Redistribution of source code must retain the above copyright notice, 
  20:Src/stm32f3xx_hal_msp.c ****   *    this list of conditions and the following disclaimer.
  21:Src/stm32f3xx_hal_msp.c ****   * 2. Redistributions in binary form must reproduce the above copyright notice,
  22:Src/stm32f3xx_hal_msp.c ****   *    this list of conditions and the following disclaimer in the documentation
  23:Src/stm32f3xx_hal_msp.c ****   *    and/or other materials provided with the distribution.
  24:Src/stm32f3xx_hal_msp.c ****   * 3. Neither the name of STMicroelectronics nor the names of other 
  25:Src/stm32f3xx_hal_msp.c ****   *    contributors to this software may be used to endorse or promote products 
  26:Src/stm32f3xx_hal_msp.c ****   *    derived from this software without specific written permission.
  27:Src/stm32f3xx_hal_msp.c ****   * 4. This software, including modifications and/or derivative works of this 
  28:Src/stm32f3xx_hal_msp.c ****   *    software, must execute solely and exclusively on microcontroller or
  29:Src/stm32f3xx_hal_msp.c ****   *    microprocessor devices manufactured by or for STMicroelectronics.
  30:Src/stm32f3xx_hal_msp.c ****   * 5. Redistribution and use of this software other than as permitted under 
ARM GAS  /tmp/ccnKTv1c.s 			page 2


  31:Src/stm32f3xx_hal_msp.c ****   *    this license is void and will automatically terminate your rights under 
  32:Src/stm32f3xx_hal_msp.c ****   *    this license. 
  33:Src/stm32f3xx_hal_msp.c ****   *
  34:Src/stm32f3xx_hal_msp.c ****   * THIS SOFTWARE IS PROVIDED BY STMICROELECTRONICS AND CONTRIBUTORS "AS IS" 
  35:Src/stm32f3xx_hal_msp.c ****   * AND ANY EXPRESS, IMPLIED OR STATUTORY WARRANTIES, INCLUDING, BUT NOT 
  36:Src/stm32f3xx_hal_msp.c ****   * LIMITED TO, THE IMPLIED WARRANTIES OF MERCHANTABILITY, FITNESS FOR A 
  37:Src/stm32f3xx_hal_msp.c ****   * PARTICULAR PURPOSE AND NON-INFRINGEMENT OF THIRD PARTY INTELLECTUAL PROPERTY
  38:Src/stm32f3xx_hal_msp.c ****   * RIGHTS ARE DISCLAIMED TO THE FULLEST EXTENT PERMITTED BY LAW. IN NO EVENT 
  39:Src/stm32f3xx_hal_msp.c ****   * SHALL STMICROELECTRONICS OR CONTRIBUTORS BE LIABLE FOR ANY DIRECT, INDIRECT,
  40:Src/stm32f3xx_hal_msp.c ****   * INCIDENTAL, SPECIAL, EXEMPLARY, OR CONSEQUENTIAL DAMAGES (INCLUDING, BUT NOT
  41:Src/stm32f3xx_hal_msp.c ****   * LIMITED TO, PROCUREMENT OF SUBSTITUTE GOODS OR SERVICES; LOSS OF USE, DATA, 
  42:Src/stm32f3xx_hal_msp.c ****   * OR PROFITS; OR BUSINESS INTERRUPTION) HOWEVER CAUSED AND ON ANY THEORY OF 
  43:Src/stm32f3xx_hal_msp.c ****   * LIABILITY, WHETHER IN CONTRACT, STRICT LIABILITY, OR TORT (INCLUDING 
  44:Src/stm32f3xx_hal_msp.c ****   * NEGLIGENCE OR OTHERWISE) ARISING IN ANY WAY OUT OF THE USE OF THIS SOFTWARE,
  45:Src/stm32f3xx_hal_msp.c ****   * EVEN IF ADVISED OF THE POSSIBILITY OF SUCH DAMAGE.
  46:Src/stm32f3xx_hal_msp.c ****   *
  47:Src/stm32f3xx_hal_msp.c ****   ******************************************************************************
  48:Src/stm32f3xx_hal_msp.c ****   */
  49:Src/stm32f3xx_hal_msp.c **** /* Includes ------------------------------------------------------------------*/
  50:Src/stm32f3xx_hal_msp.c **** #include "stm32f3xx_hal.h"
  51:Src/stm32f3xx_hal_msp.c **** 
  52:Src/stm32f3xx_hal_msp.c **** extern void _Error_Handler(char *, int);
  53:Src/stm32f3xx_hal_msp.c **** /* USER CODE BEGIN 0 */
  54:Src/stm32f3xx_hal_msp.c **** 
  55:Src/stm32f3xx_hal_msp.c **** /* USER CODE END 0 */
  56:Src/stm32f3xx_hal_msp.c **** /**
  57:Src/stm32f3xx_hal_msp.c ****   * Initializes the Global MSP.
  58:Src/stm32f3xx_hal_msp.c ****   */
  59:Src/stm32f3xx_hal_msp.c **** void HAL_MspInit(void)
  60:Src/stm32f3xx_hal_msp.c **** {
  29              		.loc 1 60 0
  30              		.cfi_startproc
  31              		@ args = 0, pretend = 0, frame = 8
  32              		@ frame_needed = 0, uses_anonymous_args = 0
  33 0000 00B5     		push	{lr}
  34              	.LCFI0:
  35              		.cfi_def_cfa_offset 4
  36              		.cfi_offset 14, -4
  37 0002 83B0     		sub	sp, sp, #12
  38              	.LCFI1:
  39              		.cfi_def_cfa_offset 16
  40              	.LBB2:
  61:Src/stm32f3xx_hal_msp.c ****   /* USER CODE BEGIN MspInit 0 */
  62:Src/stm32f3xx_hal_msp.c **** 
  63:Src/stm32f3xx_hal_msp.c ****   /* USER CODE END MspInit 0 */
  64:Src/stm32f3xx_hal_msp.c **** 
  65:Src/stm32f3xx_hal_msp.c ****   __HAL_RCC_SYSCFG_CLK_ENABLE();
  41              		.loc 1 65 0
  42 0004 1C4B     		ldr	r3, .L3
  43 0006 9A69     		ldr	r2, [r3, #24]
  44 0008 42F00102 		orr	r2, r2, #1
  45 000c 9A61     		str	r2, [r3, #24]
  46 000e 9B69     		ldr	r3, [r3, #24]
  47 0010 03F00103 		and	r3, r3, #1
  48 0014 0193     		str	r3, [sp, #4]
  49 0016 019B     		ldr	r3, [sp, #4]
  50              	.LBE2:
ARM GAS  /tmp/ccnKTv1c.s 			page 3


  66:Src/stm32f3xx_hal_msp.c **** 
  67:Src/stm32f3xx_hal_msp.c ****   HAL_NVIC_SetPriorityGrouping(NVIC_PRIORITYGROUP_4);
  51              		.loc 1 67 0
  52 0018 0320     		movs	r0, #3
  53 001a FFF7FEFF 		bl	HAL_NVIC_SetPriorityGrouping
  54              	.LVL0:
  68:Src/stm32f3xx_hal_msp.c **** 
  69:Src/stm32f3xx_hal_msp.c ****   /* System interrupt init*/
  70:Src/stm32f3xx_hal_msp.c ****   /* MemoryManagement_IRQn interrupt configuration */
  71:Src/stm32f3xx_hal_msp.c ****   HAL_NVIC_SetPriority(MemoryManagement_IRQn, 0, 0);
  55              		.loc 1 71 0
  56 001e 6FF00B00 		mvn	r0, #11
  57 0022 0021     		movs	r1, #0
  58 0024 0A46     		mov	r2, r1
  59 0026 FFF7FEFF 		bl	HAL_NVIC_SetPriority
  60              	.LVL1:
  72:Src/stm32f3xx_hal_msp.c ****   /* BusFault_IRQn interrupt configuration */
  73:Src/stm32f3xx_hal_msp.c ****   HAL_NVIC_SetPriority(BusFault_IRQn, 0, 0);
  61              		.loc 1 73 0
  62 002a 6FF00A00 		mvn	r0, #10
  63 002e 0021     		movs	r1, #0
  64 0030 0A46     		mov	r2, r1
  65 0032 FFF7FEFF 		bl	HAL_NVIC_SetPriority
  66              	.LVL2:
  74:Src/stm32f3xx_hal_msp.c ****   /* UsageFault_IRQn interrupt configuration */
  75:Src/stm32f3xx_hal_msp.c ****   HAL_NVIC_SetPriority(UsageFault_IRQn, 0, 0);
  67              		.loc 1 75 0
  68 0036 6FF00900 		mvn	r0, #9
  69 003a 0021     		movs	r1, #0
  70 003c 0A46     		mov	r2, r1
  71 003e FFF7FEFF 		bl	HAL_NVIC_SetPriority
  72              	.LVL3:
  76:Src/stm32f3xx_hal_msp.c ****   /* SVCall_IRQn interrupt configuration */
  77:Src/stm32f3xx_hal_msp.c ****   HAL_NVIC_SetPriority(SVCall_IRQn, 0, 0);
  73              		.loc 1 77 0
  74 0042 6FF00400 		mvn	r0, #4
  75 0046 0021     		movs	r1, #0
  76 0048 0A46     		mov	r2, r1
  77 004a FFF7FEFF 		bl	HAL_NVIC_SetPriority
  78              	.LVL4:
  78:Src/stm32f3xx_hal_msp.c ****   /* DebugMonitor_IRQn interrupt configuration */
  79:Src/stm32f3xx_hal_msp.c ****   HAL_NVIC_SetPriority(DebugMonitor_IRQn, 0, 0);
  79              		.loc 1 79 0
  80 004e 6FF00300 		mvn	r0, #3
  81 0052 0021     		movs	r1, #0
  82 0054 0A46     		mov	r2, r1
  83 0056 FFF7FEFF 		bl	HAL_NVIC_SetPriority
  84              	.LVL5:
  80:Src/stm32f3xx_hal_msp.c ****   /* PendSV_IRQn interrupt configuration */
  81:Src/stm32f3xx_hal_msp.c ****   HAL_NVIC_SetPriority(PendSV_IRQn, 15, 0);
  85              		.loc 1 81 0
  86 005a 6FF00100 		mvn	r0, #1
  87 005e 0F21     		movs	r1, #15
  88 0060 0022     		movs	r2, #0
  89 0062 FFF7FEFF 		bl	HAL_NVIC_SetPriority
  90              	.LVL6:
  82:Src/stm32f3xx_hal_msp.c ****   /* SysTick_IRQn interrupt configuration */
ARM GAS  /tmp/ccnKTv1c.s 			page 4


  83:Src/stm32f3xx_hal_msp.c ****   HAL_NVIC_SetPriority(SysTick_IRQn, 15, 0);
  91              		.loc 1 83 0
  92 0066 4FF0FF30 		mov	r0, #-1
  93 006a 0F21     		movs	r1, #15
  94 006c 0022     		movs	r2, #0
  95 006e FFF7FEFF 		bl	HAL_NVIC_SetPriority
  96              	.LVL7:
  84:Src/stm32f3xx_hal_msp.c **** 
  85:Src/stm32f3xx_hal_msp.c ****   /* USER CODE BEGIN MspInit 1 */
  86:Src/stm32f3xx_hal_msp.c **** 
  87:Src/stm32f3xx_hal_msp.c ****   /* USER CODE END MspInit 1 */
  88:Src/stm32f3xx_hal_msp.c **** }
  97              		.loc 1 88 0
  98 0072 03B0     		add	sp, sp, #12
  99              	.LCFI2:
 100              		.cfi_def_cfa_offset 4
 101              		@ sp needed
 102 0074 5DF804FB 		ldr	pc, [sp], #4
 103              	.L4:
 104              		.align	2
 105              	.L3:
 106 0078 00100240 		.word	1073876992
 107              		.cfi_endproc
 108              	.LFE123:
 110              		.section	.text.HAL_ADC_MspInit,"ax",%progbits
 111              		.align	2
 112              		.global	HAL_ADC_MspInit
 113              		.thumb
 114              		.thumb_func
 116              	HAL_ADC_MspInit:
 117              	.LFB124:
  89:Src/stm32f3xx_hal_msp.c **** 
  90:Src/stm32f3xx_hal_msp.c **** void HAL_ADC_MspInit(ADC_HandleTypeDef* hadc)
  91:Src/stm32f3xx_hal_msp.c **** {
 118              		.loc 1 91 0
 119              		.cfi_startproc
 120              		@ args = 0, pretend = 0, frame = 24
 121              		@ frame_needed = 0, uses_anonymous_args = 0
 122              	.LVL8:
  92:Src/stm32f3xx_hal_msp.c **** 
  93:Src/stm32f3xx_hal_msp.c ****   GPIO_InitTypeDef GPIO_InitStruct;
  94:Src/stm32f3xx_hal_msp.c ****   if(hadc->Instance==ADC1)
 123              		.loc 1 94 0
 124 0000 0368     		ldr	r3, [r0]
 125 0002 B3F1A04F 		cmp	r3, #1342177280
 126 0006 23D1     		bne	.L8
  91:Src/stm32f3xx_hal_msp.c **** 
 127              		.loc 1 91 0
 128 0008 10B5     		push	{r4, lr}
 129              	.LCFI3:
 130              		.cfi_def_cfa_offset 8
 131              		.cfi_offset 4, -8
 132              		.cfi_offset 14, -4
 133 000a 86B0     		sub	sp, sp, #24
 134              	.LCFI4:
 135              		.cfi_def_cfa_offset 32
 136              	.LBB3:
ARM GAS  /tmp/ccnKTv1c.s 			page 5


  95:Src/stm32f3xx_hal_msp.c ****   {
  96:Src/stm32f3xx_hal_msp.c ****   /* USER CODE BEGIN ADC1_MspInit 0 */
  97:Src/stm32f3xx_hal_msp.c **** 
  98:Src/stm32f3xx_hal_msp.c ****   /* USER CODE END ADC1_MspInit 0 */
  99:Src/stm32f3xx_hal_msp.c ****     /* Peripheral clock enable */
 100:Src/stm32f3xx_hal_msp.c ****     __HAL_RCC_ADC12_CLK_ENABLE();
 137              		.loc 1 100 0
 138 000c 03F17043 		add	r3, r3, #-268435456
 139 0010 03F50433 		add	r3, r3, #135168
 140 0014 5A69     		ldr	r2, [r3, #20]
 141 0016 42F08052 		orr	r2, r2, #268435456
 142 001a 5A61     		str	r2, [r3, #20]
 143 001c 5B69     		ldr	r3, [r3, #20]
 144 001e 03F08053 		and	r3, r3, #268435456
 145 0022 0093     		str	r3, [sp]
 146 0024 009B     		ldr	r3, [sp]
 147              	.LBE3:
 101:Src/stm32f3xx_hal_msp.c ****   
 102:Src/stm32f3xx_hal_msp.c ****     /**ADC1 GPIO Configuration    
 103:Src/stm32f3xx_hal_msp.c ****     PA0     ------> ADC1_IN1 
 104:Src/stm32f3xx_hal_msp.c ****     */
 105:Src/stm32f3xx_hal_msp.c ****     GPIO_InitStruct.Pin = sharp_Pin;
 148              		.loc 1 105 0
 149 0026 0123     		movs	r3, #1
 150 0028 0193     		str	r3, [sp, #4]
 106:Src/stm32f3xx_hal_msp.c ****     GPIO_InitStruct.Mode = GPIO_MODE_ANALOG;
 151              		.loc 1 106 0
 152 002a 0323     		movs	r3, #3
 153 002c 0293     		str	r3, [sp, #8]
 107:Src/stm32f3xx_hal_msp.c ****     GPIO_InitStruct.Pull = GPIO_NOPULL;
 154              		.loc 1 107 0
 155 002e 0024     		movs	r4, #0
 156 0030 0394     		str	r4, [sp, #12]
 108:Src/stm32f3xx_hal_msp.c ****     HAL_GPIO_Init(sharp_GPIO_Port, &GPIO_InitStruct);
 157              		.loc 1 108 0
 158 0032 4FF09040 		mov	r0, #1207959552
 159              	.LVL9:
 160 0036 01A9     		add	r1, sp, #4
 161 0038 FFF7FEFF 		bl	HAL_GPIO_Init
 162              	.LVL10:
 109:Src/stm32f3xx_hal_msp.c **** 
 110:Src/stm32f3xx_hal_msp.c ****     /* ADC1 interrupt Init */
 111:Src/stm32f3xx_hal_msp.c ****     HAL_NVIC_SetPriority(ADC1_2_IRQn, 5, 0);
 163              		.loc 1 111 0
 164 003c 1220     		movs	r0, #18
 165 003e 0521     		movs	r1, #5
 166 0040 2246     		mov	r2, r4
 167 0042 FFF7FEFF 		bl	HAL_NVIC_SetPriority
 168              	.LVL11:
 112:Src/stm32f3xx_hal_msp.c ****     HAL_NVIC_EnableIRQ(ADC1_2_IRQn);
 169              		.loc 1 112 0
 170 0046 1220     		movs	r0, #18
 171 0048 FFF7FEFF 		bl	HAL_NVIC_EnableIRQ
 172              	.LVL12:
 113:Src/stm32f3xx_hal_msp.c ****   /* USER CODE BEGIN ADC1_MspInit 1 */
 114:Src/stm32f3xx_hal_msp.c **** 
 115:Src/stm32f3xx_hal_msp.c ****   /* USER CODE END ADC1_MspInit 1 */
ARM GAS  /tmp/ccnKTv1c.s 			page 6


 116:Src/stm32f3xx_hal_msp.c ****   }
 117:Src/stm32f3xx_hal_msp.c **** 
 118:Src/stm32f3xx_hal_msp.c **** }
 173              		.loc 1 118 0
 174 004c 06B0     		add	sp, sp, #24
 175              	.LCFI5:
 176              		.cfi_def_cfa_offset 8
 177              		@ sp needed
 178 004e 10BD     		pop	{r4, pc}
 179              	.LVL13:
 180              	.L8:
 181              	.LCFI6:
 182              		.cfi_def_cfa_offset 0
 183              		.cfi_restore 4
 184              		.cfi_restore 14
 185 0050 7047     		bx	lr
 186              		.cfi_endproc
 187              	.LFE124:
 189 0052 00BF     		.section	.text.HAL_ADC_MspDeInit,"ax",%progbits
 190              		.align	2
 191              		.global	HAL_ADC_MspDeInit
 192              		.thumb
 193              		.thumb_func
 195              	HAL_ADC_MspDeInit:
 196              	.LFB125:
 119:Src/stm32f3xx_hal_msp.c **** 
 120:Src/stm32f3xx_hal_msp.c **** void HAL_ADC_MspDeInit(ADC_HandleTypeDef* hadc)
 121:Src/stm32f3xx_hal_msp.c **** {
 197              		.loc 1 121 0
 198              		.cfi_startproc
 199              		@ args = 0, pretend = 0, frame = 0
 200              		@ frame_needed = 0, uses_anonymous_args = 0
 201              	.LVL14:
 202 0000 08B5     		push	{r3, lr}
 203              	.LCFI7:
 204              		.cfi_def_cfa_offset 8
 205              		.cfi_offset 3, -8
 206              		.cfi_offset 14, -4
 122:Src/stm32f3xx_hal_msp.c **** 
 123:Src/stm32f3xx_hal_msp.c ****   if(hadc->Instance==ADC1)
 207              		.loc 1 123 0
 208 0002 0368     		ldr	r3, [r0]
 209 0004 B3F1A04F 		cmp	r3, #1342177280
 210 0008 0CD1     		bne	.L9
 124:Src/stm32f3xx_hal_msp.c ****   {
 125:Src/stm32f3xx_hal_msp.c ****   /* USER CODE BEGIN ADC1_MspDeInit 0 */
 126:Src/stm32f3xx_hal_msp.c **** 
 127:Src/stm32f3xx_hal_msp.c ****   /* USER CODE END ADC1_MspDeInit 0 */
 128:Src/stm32f3xx_hal_msp.c ****     /* Peripheral clock disable */
 129:Src/stm32f3xx_hal_msp.c ****     __HAL_RCC_ADC12_CLK_DISABLE();
 211              		.loc 1 129 0
 212 000a 074A     		ldr	r2, .L12
 213 000c 5369     		ldr	r3, [r2, #20]
 214 000e 23F08053 		bic	r3, r3, #268435456
 215 0012 5361     		str	r3, [r2, #20]
 130:Src/stm32f3xx_hal_msp.c ****   
 131:Src/stm32f3xx_hal_msp.c ****     /**ADC1 GPIO Configuration    
ARM GAS  /tmp/ccnKTv1c.s 			page 7


 132:Src/stm32f3xx_hal_msp.c ****     PA0     ------> ADC1_IN1 
 133:Src/stm32f3xx_hal_msp.c ****     */
 134:Src/stm32f3xx_hal_msp.c ****     HAL_GPIO_DeInit(sharp_GPIO_Port, sharp_Pin);
 216              		.loc 1 134 0
 217 0014 4FF09040 		mov	r0, #1207959552
 218              	.LVL15:
 219 0018 0121     		movs	r1, #1
 220 001a FFF7FEFF 		bl	HAL_GPIO_DeInit
 221              	.LVL16:
 135:Src/stm32f3xx_hal_msp.c **** 
 136:Src/stm32f3xx_hal_msp.c ****     /* ADC1 interrupt DeInit */
 137:Src/stm32f3xx_hal_msp.c ****     HAL_NVIC_DisableIRQ(ADC1_2_IRQn);
 222              		.loc 1 137 0
 223 001e 1220     		movs	r0, #18
 224 0020 FFF7FEFF 		bl	HAL_NVIC_DisableIRQ
 225              	.LVL17:
 226              	.L9:
 227 0024 08BD     		pop	{r3, pc}
 228              	.L13:
 229 0026 00BF     		.align	2
 230              	.L12:
 231 0028 00100240 		.word	1073876992
 232              		.cfi_endproc
 233              	.LFE125:
 235              		.section	.text.HAL_TIM_PWM_MspInit,"ax",%progbits
 236              		.align	2
 237              		.global	HAL_TIM_PWM_MspInit
 238              		.thumb
 239              		.thumb_func
 241              	HAL_TIM_PWM_MspInit:
 242              	.LFB126:
 138:Src/stm32f3xx_hal_msp.c ****   /* USER CODE BEGIN ADC1_MspDeInit 1 */
 139:Src/stm32f3xx_hal_msp.c **** 
 140:Src/stm32f3xx_hal_msp.c ****   /* USER CODE END ADC1_MspDeInit 1 */
 141:Src/stm32f3xx_hal_msp.c ****   }
 142:Src/stm32f3xx_hal_msp.c **** 
 143:Src/stm32f3xx_hal_msp.c **** }
 144:Src/stm32f3xx_hal_msp.c **** 
 145:Src/stm32f3xx_hal_msp.c **** void HAL_TIM_PWM_MspInit(TIM_HandleTypeDef* htim_pwm)
 146:Src/stm32f3xx_hal_msp.c **** {
 243              		.loc 1 146 0
 244              		.cfi_startproc
 245              		@ args = 0, pretend = 0, frame = 8
 246              		@ frame_needed = 0, uses_anonymous_args = 0
 247              		@ link register save eliminated.
 248              	.LVL18:
 147:Src/stm32f3xx_hal_msp.c **** 
 148:Src/stm32f3xx_hal_msp.c ****   if(htim_pwm->Instance==TIM3)
 249              		.loc 1 148 0
 250 0000 0268     		ldr	r2, [r0]
 251 0002 084B     		ldr	r3, .L19
 252 0004 9A42     		cmp	r2, r3
 253 0006 0CD1     		bne	.L18
 146:Src/stm32f3xx_hal_msp.c **** 
 254              		.loc 1 146 0
 255 0008 82B0     		sub	sp, sp, #8
 256              	.LCFI8:
ARM GAS  /tmp/ccnKTv1c.s 			page 8


 257              		.cfi_def_cfa_offset 8
 258              	.LBB4:
 149:Src/stm32f3xx_hal_msp.c ****   {
 150:Src/stm32f3xx_hal_msp.c ****   /* USER CODE BEGIN TIM3_MspInit 0 */
 151:Src/stm32f3xx_hal_msp.c **** 
 152:Src/stm32f3xx_hal_msp.c ****   /* USER CODE END TIM3_MspInit 0 */
 153:Src/stm32f3xx_hal_msp.c ****     /* Peripheral clock enable */
 154:Src/stm32f3xx_hal_msp.c ****     __HAL_RCC_TIM3_CLK_ENABLE();
 259              		.loc 1 154 0
 260 000a 03F50333 		add	r3, r3, #134144
 261 000e DA69     		ldr	r2, [r3, #28]
 262 0010 42F00202 		orr	r2, r2, #2
 263 0014 DA61     		str	r2, [r3, #28]
 264 0016 DB69     		ldr	r3, [r3, #28]
 265 0018 03F00203 		and	r3, r3, #2
 266 001c 0193     		str	r3, [sp, #4]
 267 001e 019B     		ldr	r3, [sp, #4]
 268              	.LBE4:
 155:Src/stm32f3xx_hal_msp.c ****   /* USER CODE BEGIN TIM3_MspInit 1 */
 156:Src/stm32f3xx_hal_msp.c **** 
 157:Src/stm32f3xx_hal_msp.c ****   /* USER CODE END TIM3_MspInit 1 */
 158:Src/stm32f3xx_hal_msp.c ****   }
 159:Src/stm32f3xx_hal_msp.c **** 
 160:Src/stm32f3xx_hal_msp.c **** }
 269              		.loc 1 160 0
 270 0020 02B0     		add	sp, sp, #8
 271              	.LCFI9:
 272              		.cfi_def_cfa_offset 0
 273              		@ sp needed
 274              	.L18:
 275 0022 7047     		bx	lr
 276              	.L20:
 277              		.align	2
 278              	.L19:
 279 0024 00040040 		.word	1073742848
 280              		.cfi_endproc
 281              	.LFE126:
 283              		.section	.text.HAL_TIM_MspPostInit,"ax",%progbits
 284              		.align	2
 285              		.global	HAL_TIM_MspPostInit
 286              		.thumb
 287              		.thumb_func
 289              	HAL_TIM_MspPostInit:
 290              	.LFB127:
 161:Src/stm32f3xx_hal_msp.c **** 
 162:Src/stm32f3xx_hal_msp.c **** void HAL_TIM_MspPostInit(TIM_HandleTypeDef* htim)
 163:Src/stm32f3xx_hal_msp.c **** {
 291              		.loc 1 163 0
 292              		.cfi_startproc
 293              		@ args = 0, pretend = 0, frame = 24
 294              		@ frame_needed = 0, uses_anonymous_args = 0
 295              	.LVL19:
 164:Src/stm32f3xx_hal_msp.c **** 
 165:Src/stm32f3xx_hal_msp.c ****   GPIO_InitTypeDef GPIO_InitStruct;
 166:Src/stm32f3xx_hal_msp.c ****   if(htim->Instance==TIM3)
 296              		.loc 1 166 0
 297 0000 0268     		ldr	r2, [r0]
ARM GAS  /tmp/ccnKTv1c.s 			page 9


 298 0002 0A4B     		ldr	r3, .L25
 299 0004 9A42     		cmp	r2, r3
 300 0006 10D1     		bne	.L24
 163:Src/stm32f3xx_hal_msp.c **** 
 301              		.loc 1 163 0
 302 0008 00B5     		push	{lr}
 303              	.LCFI10:
 304              		.cfi_def_cfa_offset 4
 305              		.cfi_offset 14, -4
 306 000a 87B0     		sub	sp, sp, #28
 307              	.LCFI11:
 308              		.cfi_def_cfa_offset 32
 167:Src/stm32f3xx_hal_msp.c ****   {
 168:Src/stm32f3xx_hal_msp.c ****   /* USER CODE BEGIN TIM3_MspPostInit 0 */
 169:Src/stm32f3xx_hal_msp.c **** 
 170:Src/stm32f3xx_hal_msp.c ****   /* USER CODE END TIM3_MspPostInit 0 */
 171:Src/stm32f3xx_hal_msp.c ****   
 172:Src/stm32f3xx_hal_msp.c ****     /**TIM3 GPIO Configuration    
 173:Src/stm32f3xx_hal_msp.c ****     PB1     ------> TIM3_CH4
 174:Src/stm32f3xx_hal_msp.c ****     PB4     ------> TIM3_CH1 
 175:Src/stm32f3xx_hal_msp.c ****     */
 176:Src/stm32f3xx_hal_msp.c ****     GPIO_InitStruct.Pin = pwm2_Pin|pwm1_Pin;
 309              		.loc 1 176 0
 310 000c 1223     		movs	r3, #18
 311 000e 0193     		str	r3, [sp, #4]
 177:Src/stm32f3xx_hal_msp.c ****     GPIO_InitStruct.Mode = GPIO_MODE_AF_PP;
 312              		.loc 1 177 0
 313 0010 0223     		movs	r3, #2
 314 0012 0293     		str	r3, [sp, #8]
 178:Src/stm32f3xx_hal_msp.c ****     GPIO_InitStruct.Pull = GPIO_NOPULL;
 315              		.loc 1 178 0
 316 0014 0022     		movs	r2, #0
 317 0016 0392     		str	r2, [sp, #12]
 179:Src/stm32f3xx_hal_msp.c ****     GPIO_InitStruct.Speed = GPIO_SPEED_FREQ_LOW;
 318              		.loc 1 179 0
 319 0018 0492     		str	r2, [sp, #16]
 180:Src/stm32f3xx_hal_msp.c ****     GPIO_InitStruct.Alternate = GPIO_AF2_TIM3;
 320              		.loc 1 180 0
 321 001a 0593     		str	r3, [sp, #20]
 181:Src/stm32f3xx_hal_msp.c ****     HAL_GPIO_Init(GPIOB, &GPIO_InitStruct);
 322              		.loc 1 181 0
 323 001c 0448     		ldr	r0, .L25+4
 324              	.LVL20:
 325 001e 01A9     		add	r1, sp, #4
 326 0020 FFF7FEFF 		bl	HAL_GPIO_Init
 327              	.LVL21:
 182:Src/stm32f3xx_hal_msp.c **** 
 183:Src/stm32f3xx_hal_msp.c ****   /* USER CODE BEGIN TIM3_MspPostInit 1 */
 184:Src/stm32f3xx_hal_msp.c **** 
 185:Src/stm32f3xx_hal_msp.c ****   /* USER CODE END TIM3_MspPostInit 1 */
 186:Src/stm32f3xx_hal_msp.c ****   }
 187:Src/stm32f3xx_hal_msp.c **** 
 188:Src/stm32f3xx_hal_msp.c **** }
 328              		.loc 1 188 0
 329 0024 07B0     		add	sp, sp, #28
 330              	.LCFI12:
 331              		.cfi_def_cfa_offset 4
ARM GAS  /tmp/ccnKTv1c.s 			page 10


 332              		@ sp needed
 333 0026 5DF804FB 		ldr	pc, [sp], #4
 334              	.LVL22:
 335              	.L24:
 336              	.LCFI13:
 337              		.cfi_def_cfa_offset 0
 338              		.cfi_restore 14
 339 002a 7047     		bx	lr
 340              	.L26:
 341              		.align	2
 342              	.L25:
 343 002c 00040040 		.word	1073742848
 344 0030 00040048 		.word	1207960576
 345              		.cfi_endproc
 346              	.LFE127:
 348              		.section	.text.HAL_TIM_PWM_MspDeInit,"ax",%progbits
 349              		.align	2
 350              		.global	HAL_TIM_PWM_MspDeInit
 351              		.thumb
 352              		.thumb_func
 354              	HAL_TIM_PWM_MspDeInit:
 355              	.LFB128:
 189:Src/stm32f3xx_hal_msp.c **** 
 190:Src/stm32f3xx_hal_msp.c **** void HAL_TIM_PWM_MspDeInit(TIM_HandleTypeDef* htim_pwm)
 191:Src/stm32f3xx_hal_msp.c **** {
 356              		.loc 1 191 0
 357              		.cfi_startproc
 358              		@ args = 0, pretend = 0, frame = 0
 359              		@ frame_needed = 0, uses_anonymous_args = 0
 360              		@ link register save eliminated.
 361              	.LVL23:
 192:Src/stm32f3xx_hal_msp.c **** 
 193:Src/stm32f3xx_hal_msp.c ****   if(htim_pwm->Instance==TIM3)
 362              		.loc 1 193 0
 363 0000 0268     		ldr	r2, [r0]
 364 0002 044B     		ldr	r3, .L29
 365 0004 9A42     		cmp	r2, r3
 366 0006 04D1     		bne	.L27
 194:Src/stm32f3xx_hal_msp.c ****   {
 195:Src/stm32f3xx_hal_msp.c ****   /* USER CODE BEGIN TIM3_MspDeInit 0 */
 196:Src/stm32f3xx_hal_msp.c **** 
 197:Src/stm32f3xx_hal_msp.c ****   /* USER CODE END TIM3_MspDeInit 0 */
 198:Src/stm32f3xx_hal_msp.c ****     /* Peripheral clock disable */
 199:Src/stm32f3xx_hal_msp.c ****     __HAL_RCC_TIM3_CLK_DISABLE();
 367              		.loc 1 199 0
 368 0008 034A     		ldr	r2, .L29+4
 369 000a D369     		ldr	r3, [r2, #28]
 370 000c 23F00203 		bic	r3, r3, #2
 371 0010 D361     		str	r3, [r2, #28]
 372              	.L27:
 373 0012 7047     		bx	lr
 374              	.L30:
 375              		.align	2
 376              	.L29:
 377 0014 00040040 		.word	1073742848
 378 0018 00100240 		.word	1073876992
 379              		.cfi_endproc
ARM GAS  /tmp/ccnKTv1c.s 			page 11


 380              	.LFE128:
 382              		.section	.text.HAL_UART_MspInit,"ax",%progbits
 383              		.align	2
 384              		.global	HAL_UART_MspInit
 385              		.thumb
 386              		.thumb_func
 388              	HAL_UART_MspInit:
 389              	.LFB129:
 200:Src/stm32f3xx_hal_msp.c ****   /* USER CODE BEGIN TIM3_MspDeInit 1 */
 201:Src/stm32f3xx_hal_msp.c **** 
 202:Src/stm32f3xx_hal_msp.c ****   /* USER CODE END TIM3_MspDeInit 1 */
 203:Src/stm32f3xx_hal_msp.c ****   }
 204:Src/stm32f3xx_hal_msp.c **** 
 205:Src/stm32f3xx_hal_msp.c **** }
 206:Src/stm32f3xx_hal_msp.c **** 
 207:Src/stm32f3xx_hal_msp.c **** void HAL_UART_MspInit(UART_HandleTypeDef* huart)
 208:Src/stm32f3xx_hal_msp.c **** {
 390              		.loc 1 208 0
 391              		.cfi_startproc
 392              		@ args = 0, pretend = 0, frame = 32
 393              		@ frame_needed = 0, uses_anonymous_args = 0
 394              	.LVL24:
 395 0000 00B5     		push	{lr}
 396              	.LCFI14:
 397              		.cfi_def_cfa_offset 4
 398              		.cfi_offset 14, -4
 399 0002 89B0     		sub	sp, sp, #36
 400              	.LCFI15:
 401              		.cfi_def_cfa_offset 40
 209:Src/stm32f3xx_hal_msp.c **** 
 210:Src/stm32f3xx_hal_msp.c ****   GPIO_InitTypeDef GPIO_InitStruct;
 211:Src/stm32f3xx_hal_msp.c ****   if(huart->Instance==USART1)
 402              		.loc 1 211 0
 403 0004 0368     		ldr	r3, [r0]
 404 0006 1F4A     		ldr	r2, .L35
 405 0008 9342     		cmp	r3, r2
 406 000a 1AD1     		bne	.L32
 407              	.LBB5:
 212:Src/stm32f3xx_hal_msp.c ****   {
 213:Src/stm32f3xx_hal_msp.c ****   /* USER CODE BEGIN USART1_MspInit 0 */
 214:Src/stm32f3xx_hal_msp.c **** 
 215:Src/stm32f3xx_hal_msp.c ****   /* USER CODE END USART1_MspInit 0 */
 216:Src/stm32f3xx_hal_msp.c ****     /* Peripheral clock enable */
 217:Src/stm32f3xx_hal_msp.c ****     __HAL_RCC_USART1_CLK_ENABLE();
 408              		.loc 1 217 0
 409 000c 1E4B     		ldr	r3, .L35+4
 410 000e 9A69     		ldr	r2, [r3, #24]
 411 0010 42F48042 		orr	r2, r2, #16384
 412 0014 9A61     		str	r2, [r3, #24]
 413 0016 9B69     		ldr	r3, [r3, #24]
 414 0018 03F48043 		and	r3, r3, #16384
 415 001c 0193     		str	r3, [sp, #4]
 416 001e 019B     		ldr	r3, [sp, #4]
 417              	.LBE5:
 218:Src/stm32f3xx_hal_msp.c ****   
 219:Src/stm32f3xx_hal_msp.c ****     /**USART1 GPIO Configuration    
 220:Src/stm32f3xx_hal_msp.c ****     PA9     ------> USART1_TX
ARM GAS  /tmp/ccnKTv1c.s 			page 12


 221:Src/stm32f3xx_hal_msp.c ****     PA10     ------> USART1_RX 
 222:Src/stm32f3xx_hal_msp.c ****     */
 223:Src/stm32f3xx_hal_msp.c ****     GPIO_InitStruct.Pin = transmit_Pin|recep_Pin;
 418              		.loc 1 223 0
 419 0020 4FF4C063 		mov	r3, #1536
 420 0024 0393     		str	r3, [sp, #12]
 224:Src/stm32f3xx_hal_msp.c ****     GPIO_InitStruct.Mode = GPIO_MODE_AF_PP;
 421              		.loc 1 224 0
 422 0026 0223     		movs	r3, #2
 423 0028 0493     		str	r3, [sp, #16]
 225:Src/stm32f3xx_hal_msp.c ****     GPIO_InitStruct.Pull = GPIO_PULLUP;
 424              		.loc 1 225 0
 425 002a 0123     		movs	r3, #1
 426 002c 0593     		str	r3, [sp, #20]
 226:Src/stm32f3xx_hal_msp.c ****     GPIO_InitStruct.Speed = GPIO_SPEED_FREQ_HIGH;
 427              		.loc 1 226 0
 428 002e 0323     		movs	r3, #3
 429 0030 0693     		str	r3, [sp, #24]
 227:Src/stm32f3xx_hal_msp.c ****     GPIO_InitStruct.Alternate = GPIO_AF7_USART1;
 430              		.loc 1 227 0
 431 0032 0723     		movs	r3, #7
 432 0034 0793     		str	r3, [sp, #28]
 228:Src/stm32f3xx_hal_msp.c ****     HAL_GPIO_Init(GPIOA, &GPIO_InitStruct);
 433              		.loc 1 228 0
 434 0036 4FF09040 		mov	r0, #1207959552
 435              	.LVL25:
 436 003a 03A9     		add	r1, sp, #12
 437 003c FFF7FEFF 		bl	HAL_GPIO_Init
 438              	.LVL26:
 439 0040 1CE0     		b	.L31
 440              	.LVL27:
 441              	.L32:
 229:Src/stm32f3xx_hal_msp.c **** 
 230:Src/stm32f3xx_hal_msp.c ****   /* USER CODE BEGIN USART1_MspInit 1 */
 231:Src/stm32f3xx_hal_msp.c **** 
 232:Src/stm32f3xx_hal_msp.c ****   /* USER CODE END USART1_MspInit 1 */
 233:Src/stm32f3xx_hal_msp.c ****   }
 234:Src/stm32f3xx_hal_msp.c ****   else if(huart->Instance==USART2)
 442              		.loc 1 234 0
 443 0042 124A     		ldr	r2, .L35+8
 444 0044 9342     		cmp	r3, r2
 445 0046 19D1     		bne	.L31
 446              	.LBB6:
 235:Src/stm32f3xx_hal_msp.c ****   {
 236:Src/stm32f3xx_hal_msp.c ****   /* USER CODE BEGIN USART2_MspInit 0 */
 237:Src/stm32f3xx_hal_msp.c **** 
 238:Src/stm32f3xx_hal_msp.c ****   /* USER CODE END USART2_MspInit 0 */
 239:Src/stm32f3xx_hal_msp.c ****     /* Peripheral clock enable */
 240:Src/stm32f3xx_hal_msp.c ****     __HAL_RCC_USART2_CLK_ENABLE();
 447              		.loc 1 240 0
 448 0048 0F4B     		ldr	r3, .L35+4
 449 004a DA69     		ldr	r2, [r3, #28]
 450 004c 42F40032 		orr	r2, r2, #131072
 451 0050 DA61     		str	r2, [r3, #28]
 452 0052 DB69     		ldr	r3, [r3, #28]
 453 0054 03F40033 		and	r3, r3, #131072
 454 0058 0293     		str	r3, [sp, #8]
ARM GAS  /tmp/ccnKTv1c.s 			page 13


 455 005a 029B     		ldr	r3, [sp, #8]
 456              	.LBE6:
 241:Src/stm32f3xx_hal_msp.c ****   
 242:Src/stm32f3xx_hal_msp.c ****     /**USART2 GPIO Configuration    
 243:Src/stm32f3xx_hal_msp.c ****     PA2     ------> USART2_TX
 244:Src/stm32f3xx_hal_msp.c ****     PA15     ------> USART2_RX 
 245:Src/stm32f3xx_hal_msp.c ****     */
 246:Src/stm32f3xx_hal_msp.c ****     GPIO_InitStruct.Pin = VCP_TX_Pin|VCP_RX_Pin;
 457              		.loc 1 246 0
 458 005c 48F20403 		movw	r3, #32772
 459 0060 0393     		str	r3, [sp, #12]
 247:Src/stm32f3xx_hal_msp.c ****     GPIO_InitStruct.Mode = GPIO_MODE_AF_PP;
 460              		.loc 1 247 0
 461 0062 0223     		movs	r3, #2
 462 0064 0493     		str	r3, [sp, #16]
 248:Src/stm32f3xx_hal_msp.c ****     GPIO_InitStruct.Pull = GPIO_PULLUP;
 463              		.loc 1 248 0
 464 0066 0123     		movs	r3, #1
 465 0068 0593     		str	r3, [sp, #20]
 249:Src/stm32f3xx_hal_msp.c ****     GPIO_InitStruct.Speed = GPIO_SPEED_FREQ_HIGH;
 466              		.loc 1 249 0
 467 006a 0323     		movs	r3, #3
 468 006c 0693     		str	r3, [sp, #24]
 250:Src/stm32f3xx_hal_msp.c ****     GPIO_InitStruct.Alternate = GPIO_AF7_USART2;
 469              		.loc 1 250 0
 470 006e 0723     		movs	r3, #7
 471 0070 0793     		str	r3, [sp, #28]
 251:Src/stm32f3xx_hal_msp.c ****     HAL_GPIO_Init(GPIOA, &GPIO_InitStruct);
 472              		.loc 1 251 0
 473 0072 4FF09040 		mov	r0, #1207959552
 474              	.LVL28:
 475 0076 03A9     		add	r1, sp, #12
 476 0078 FFF7FEFF 		bl	HAL_GPIO_Init
 477              	.LVL29:
 478              	.L31:
 252:Src/stm32f3xx_hal_msp.c **** 
 253:Src/stm32f3xx_hal_msp.c ****   /* USER CODE BEGIN USART2_MspInit 1 */
 254:Src/stm32f3xx_hal_msp.c **** 
 255:Src/stm32f3xx_hal_msp.c ****   /* USER CODE END USART2_MspInit 1 */
 256:Src/stm32f3xx_hal_msp.c ****   }
 257:Src/stm32f3xx_hal_msp.c **** 
 258:Src/stm32f3xx_hal_msp.c **** }
 479              		.loc 1 258 0
 480 007c 09B0     		add	sp, sp, #36
 481              	.LCFI16:
 482              		.cfi_def_cfa_offset 4
 483              		@ sp needed
 484 007e 5DF804FB 		ldr	pc, [sp], #4
 485              	.L36:
 486 0082 00BF     		.align	2
 487              	.L35:
 488 0084 00380140 		.word	1073821696
 489 0088 00100240 		.word	1073876992
 490 008c 00440040 		.word	1073759232
 491              		.cfi_endproc
 492              	.LFE129:
 494              		.section	.text.HAL_UART_MspDeInit,"ax",%progbits
ARM GAS  /tmp/ccnKTv1c.s 			page 14


 495              		.align	2
 496              		.global	HAL_UART_MspDeInit
 497              		.thumb
 498              		.thumb_func
 500              	HAL_UART_MspDeInit:
 501              	.LFB130:
 259:Src/stm32f3xx_hal_msp.c **** 
 260:Src/stm32f3xx_hal_msp.c **** void HAL_UART_MspDeInit(UART_HandleTypeDef* huart)
 261:Src/stm32f3xx_hal_msp.c **** {
 502              		.loc 1 261 0
 503              		.cfi_startproc
 504              		@ args = 0, pretend = 0, frame = 0
 505              		@ frame_needed = 0, uses_anonymous_args = 0
 506              	.LVL30:
 507 0000 08B5     		push	{r3, lr}
 508              	.LCFI17:
 509              		.cfi_def_cfa_offset 8
 510              		.cfi_offset 3, -8
 511              		.cfi_offset 14, -4
 262:Src/stm32f3xx_hal_msp.c **** 
 263:Src/stm32f3xx_hal_msp.c ****   if(huart->Instance==USART1)
 512              		.loc 1 263 0
 513 0002 0368     		ldr	r3, [r0]
 514 0004 0F4A     		ldr	r2, .L41
 515 0006 9342     		cmp	r3, r2
 516 0008 0CD1     		bne	.L38
 264:Src/stm32f3xx_hal_msp.c ****   {
 265:Src/stm32f3xx_hal_msp.c ****   /* USER CODE BEGIN USART1_MspDeInit 0 */
 266:Src/stm32f3xx_hal_msp.c **** 
 267:Src/stm32f3xx_hal_msp.c ****   /* USER CODE END USART1_MspDeInit 0 */
 268:Src/stm32f3xx_hal_msp.c ****     /* Peripheral clock disable */
 269:Src/stm32f3xx_hal_msp.c ****     __HAL_RCC_USART1_CLK_DISABLE();
 517              		.loc 1 269 0
 518 000a 02F55842 		add	r2, r2, #55296
 519 000e 9369     		ldr	r3, [r2, #24]
 520 0010 23F48043 		bic	r3, r3, #16384
 521 0014 9361     		str	r3, [r2, #24]
 270:Src/stm32f3xx_hal_msp.c ****   
 271:Src/stm32f3xx_hal_msp.c ****     /**USART1 GPIO Configuration    
 272:Src/stm32f3xx_hal_msp.c ****     PA9     ------> USART1_TX
 273:Src/stm32f3xx_hal_msp.c ****     PA10     ------> USART1_RX 
 274:Src/stm32f3xx_hal_msp.c ****     */
 275:Src/stm32f3xx_hal_msp.c ****     HAL_GPIO_DeInit(GPIOA, transmit_Pin|recep_Pin);
 522              		.loc 1 275 0
 523 0016 4FF09040 		mov	r0, #1207959552
 524              	.LVL31:
 525 001a 4FF4C061 		mov	r1, #1536
 526 001e FFF7FEFF 		bl	HAL_GPIO_DeInit
 527              	.LVL32:
 528 0022 08BD     		pop	{r3, pc}
 529              	.LVL33:
 530              	.L38:
 276:Src/stm32f3xx_hal_msp.c **** 
 277:Src/stm32f3xx_hal_msp.c ****   /* USER CODE BEGIN USART1_MspDeInit 1 */
 278:Src/stm32f3xx_hal_msp.c **** 
 279:Src/stm32f3xx_hal_msp.c ****   /* USER CODE END USART1_MspDeInit 1 */
 280:Src/stm32f3xx_hal_msp.c ****   }
ARM GAS  /tmp/ccnKTv1c.s 			page 15


 281:Src/stm32f3xx_hal_msp.c ****   else if(huart->Instance==USART2)
 531              		.loc 1 281 0
 532 0024 084A     		ldr	r2, .L41+4
 533 0026 9342     		cmp	r3, r2
 534 0028 0BD1     		bne	.L37
 282:Src/stm32f3xx_hal_msp.c ****   {
 283:Src/stm32f3xx_hal_msp.c ****   /* USER CODE BEGIN USART2_MspDeInit 0 */
 284:Src/stm32f3xx_hal_msp.c **** 
 285:Src/stm32f3xx_hal_msp.c ****   /* USER CODE END USART2_MspDeInit 0 */
 286:Src/stm32f3xx_hal_msp.c ****     /* Peripheral clock disable */
 287:Src/stm32f3xx_hal_msp.c ****     __HAL_RCC_USART2_CLK_DISABLE();
 535              		.loc 1 287 0
 536 002a 02F5E632 		add	r2, r2, #117760
 537 002e D369     		ldr	r3, [r2, #28]
 538 0030 23F40033 		bic	r3, r3, #131072
 539 0034 D361     		str	r3, [r2, #28]
 288:Src/stm32f3xx_hal_msp.c ****   
 289:Src/stm32f3xx_hal_msp.c ****     /**USART2 GPIO Configuration    
 290:Src/stm32f3xx_hal_msp.c ****     PA2     ------> USART2_TX
 291:Src/stm32f3xx_hal_msp.c ****     PA15     ------> USART2_RX 
 292:Src/stm32f3xx_hal_msp.c ****     */
 293:Src/stm32f3xx_hal_msp.c ****     HAL_GPIO_DeInit(GPIOA, VCP_TX_Pin|VCP_RX_Pin);
 540              		.loc 1 293 0
 541 0036 4FF09040 		mov	r0, #1207959552
 542              	.LVL34:
 543 003a 48F20401 		movw	r1, #32772
 544 003e FFF7FEFF 		bl	HAL_GPIO_DeInit
 545              	.LVL35:
 546              	.L37:
 547 0042 08BD     		pop	{r3, pc}
 548              	.L42:
 549              		.align	2
 550              	.L41:
 551 0044 00380140 		.word	1073821696
 552 0048 00440040 		.word	1073759232
 553              		.cfi_endproc
 554              	.LFE130:
 556              		.text
 557              	.Letext0:
 558              		.file 2 "Drivers/CMSIS/Device/ST/STM32F3xx/Include/stm32f303x8.h"
 559              		.file 3 "/usr/include/newlib/machine/_default_types.h"
 560              		.file 4 "/usr/include/newlib/sys/_stdint.h"
 561              		.file 5 "Drivers/STM32F3xx_HAL_Driver/Inc/stm32f3xx_hal_def.h"
 562              		.file 6 "Drivers/STM32F3xx_HAL_Driver/Inc/stm32f3xx_hal_gpio.h"
 563              		.file 7 "Drivers/STM32F3xx_HAL_Driver/Inc/stm32f3xx_hal_dma.h"
 564              		.file 8 "Drivers/STM32F3xx_HAL_Driver/Inc/stm32f3xx_hal_adc_ex.h"
 565              		.file 9 "Drivers/STM32F3xx_HAL_Driver/Inc/stm32f3xx_hal_adc.h"
 566              		.file 10 "Drivers/STM32F3xx_HAL_Driver/Inc/stm32f3xx_hal_tim.h"
 567              		.file 11 "Drivers/STM32F3xx_HAL_Driver/Inc/stm32f3xx_hal_uart.h"
 568              		.file 12 "Drivers/STM32F3xx_HAL_Driver/Inc/stm32f3xx_hal_cortex.h"
 569              		.file 13 "Drivers/CMSIS/Include/core_cm4.h"
ARM GAS  /tmp/ccnKTv1c.s 			page 16


DEFINED SYMBOLS
                            *ABS*:0000000000000000 stm32f3xx_hal_msp.c
     /tmp/ccnKTv1c.s:21     .text.HAL_MspInit:0000000000000000 $t
     /tmp/ccnKTv1c.s:26     .text.HAL_MspInit:0000000000000000 HAL_MspInit
     /tmp/ccnKTv1c.s:106    .text.HAL_MspInit:0000000000000078 $d
     /tmp/ccnKTv1c.s:111    .text.HAL_ADC_MspInit:0000000000000000 $t
     /tmp/ccnKTv1c.s:116    .text.HAL_ADC_MspInit:0000000000000000 HAL_ADC_MspInit
     /tmp/ccnKTv1c.s:190    .text.HAL_ADC_MspDeInit:0000000000000000 $t
     /tmp/ccnKTv1c.s:195    .text.HAL_ADC_MspDeInit:0000000000000000 HAL_ADC_MspDeInit
     /tmp/ccnKTv1c.s:231    .text.HAL_ADC_MspDeInit:0000000000000028 $d
     /tmp/ccnKTv1c.s:236    .text.HAL_TIM_PWM_MspInit:0000000000000000 $t
     /tmp/ccnKTv1c.s:241    .text.HAL_TIM_PWM_MspInit:0000000000000000 HAL_TIM_PWM_MspInit
     /tmp/ccnKTv1c.s:279    .text.HAL_TIM_PWM_MspInit:0000000000000024 $d
     /tmp/ccnKTv1c.s:284    .text.HAL_TIM_MspPostInit:0000000000000000 $t
     /tmp/ccnKTv1c.s:289    .text.HAL_TIM_MspPostInit:0000000000000000 HAL_TIM_MspPostInit
     /tmp/ccnKTv1c.s:343    .text.HAL_TIM_MspPostInit:000000000000002c $d
     /tmp/ccnKTv1c.s:349    .text.HAL_TIM_PWM_MspDeInit:0000000000000000 $t
     /tmp/ccnKTv1c.s:354    .text.HAL_TIM_PWM_MspDeInit:0000000000000000 HAL_TIM_PWM_MspDeInit
     /tmp/ccnKTv1c.s:377    .text.HAL_TIM_PWM_MspDeInit:0000000000000014 $d
     /tmp/ccnKTv1c.s:383    .text.HAL_UART_MspInit:0000000000000000 $t
     /tmp/ccnKTv1c.s:388    .text.HAL_UART_MspInit:0000000000000000 HAL_UART_MspInit
     /tmp/ccnKTv1c.s:488    .text.HAL_UART_MspInit:0000000000000084 $d
     /tmp/ccnKTv1c.s:495    .text.HAL_UART_MspDeInit:0000000000000000 $t
     /tmp/ccnKTv1c.s:500    .text.HAL_UART_MspDeInit:0000000000000000 HAL_UART_MspDeInit
     /tmp/ccnKTv1c.s:551    .text.HAL_UART_MspDeInit:0000000000000044 $d
                     .debug_frame:0000000000000010 $d

UNDEFINED SYMBOLS
HAL_NVIC_SetPriorityGrouping
HAL_NVIC_SetPriority
HAL_GPIO_Init
HAL_NVIC_EnableIRQ
HAL_GPIO_DeInit
HAL_NVIC_DisableIRQ
