ARM GAS  C:\Users\Victor\AppData\Local\Temp\ccHQN1sB.s 			page 1


   1              		.cpu cortex-m4
   2              		.eabi_attribute 27, 1
   3              		.eabi_attribute 28, 1
   4              		.eabi_attribute 20, 1
   5              		.eabi_attribute 21, 1
   6              		.eabi_attribute 23, 3
   7              		.eabi_attribute 24, 1
   8              		.eabi_attribute 25, 1
   9              		.eabi_attribute 26, 1
  10              		.eabi_attribute 30, 1
  11              		.eabi_attribute 34, 1
  12              		.eabi_attribute 18, 4
  13              		.file	"stm32f3xx_hal_msp.c"
  14              		.text
  15              	.Ltext0:
  16              		.cfi_sections	.debug_frame
  17              		.section	.text.HAL_MspInit,"ax",%progbits
  18              		.align	1
  19              		.global	HAL_MspInit
  20              		.syntax unified
  21              		.thumb
  22              		.thumb_func
  23              		.fpu fpv4-sp-d16
  25              	HAL_MspInit:
  26              	.LFB124:
  27              		.file 1 "Src/stm32f3xx_hal_msp.c"
   1:Src/stm32f3xx_hal_msp.c **** /**
   2:Src/stm32f3xx_hal_msp.c ****   ******************************************************************************
   3:Src/stm32f3xx_hal_msp.c ****   * File Name          : stm32f3xx_hal_msp.c
   4:Src/stm32f3xx_hal_msp.c ****   * Description        : This file provides code for the MSP Initialization 
   5:Src/stm32f3xx_hal_msp.c ****   *                      and de-Initialization codes.
   6:Src/stm32f3xx_hal_msp.c ****   ******************************************************************************
   7:Src/stm32f3xx_hal_msp.c ****   * This notice applies to any and all portions of this file
   8:Src/stm32f3xx_hal_msp.c ****   * that are not between comment pairs USER CODE BEGIN and
   9:Src/stm32f3xx_hal_msp.c ****   * USER CODE END. Other portions of this file, whether 
  10:Src/stm32f3xx_hal_msp.c ****   * inserted by the user or by software development tools
  11:Src/stm32f3xx_hal_msp.c ****   * are owned by their respective copyright owners.
  12:Src/stm32f3xx_hal_msp.c ****   *
  13:Src/stm32f3xx_hal_msp.c ****   * Copyright (c) 2017 STMicroelectronics International N.V. 
  14:Src/stm32f3xx_hal_msp.c ****   * All rights reserved.
  15:Src/stm32f3xx_hal_msp.c ****   *
  16:Src/stm32f3xx_hal_msp.c ****   * Redistribution and use in source and binary forms, with or without 
  17:Src/stm32f3xx_hal_msp.c ****   * modification, are permitted, provided that the following conditions are met:
  18:Src/stm32f3xx_hal_msp.c ****   *
  19:Src/stm32f3xx_hal_msp.c ****   * 1. Redistribution of source code must retain the above copyright notice, 
  20:Src/stm32f3xx_hal_msp.c ****   *    this list of conditions and the following disclaimer.
  21:Src/stm32f3xx_hal_msp.c ****   * 2. Redistributions in binary form must reproduce the above copyright notice,
  22:Src/stm32f3xx_hal_msp.c ****   *    this list of conditions and the following disclaimer in the documentation
  23:Src/stm32f3xx_hal_msp.c ****   *    and/or other materials provided with the distribution.
  24:Src/stm32f3xx_hal_msp.c ****   * 3. Neither the name of STMicroelectronics nor the names of other 
  25:Src/stm32f3xx_hal_msp.c ****   *    contributors to this software may be used to endorse or promote products 
  26:Src/stm32f3xx_hal_msp.c ****   *    derived from this software without specific written permission.
  27:Src/stm32f3xx_hal_msp.c ****   * 4. This software, including modifications and/or derivative works of this 
  28:Src/stm32f3xx_hal_msp.c ****   *    software, must execute solely and exclusively on microcontroller or
  29:Src/stm32f3xx_hal_msp.c ****   *    microprocessor devices manufactured by or for STMicroelectronics.
  30:Src/stm32f3xx_hal_msp.c ****   * 5. Redistribution and use of this software other than as permitted under 
  31:Src/stm32f3xx_hal_msp.c ****   *    this license is void and will automatically terminate your rights under 
ARM GAS  C:\Users\Victor\AppData\Local\Temp\ccHQN1sB.s 			page 2


  32:Src/stm32f3xx_hal_msp.c ****   *    this license. 
  33:Src/stm32f3xx_hal_msp.c ****   *
  34:Src/stm32f3xx_hal_msp.c ****   * THIS SOFTWARE IS PROVIDED BY STMICROELECTRONICS AND CONTRIBUTORS "AS IS" 
  35:Src/stm32f3xx_hal_msp.c ****   * AND ANY EXPRESS, IMPLIED OR STATUTORY WARRANTIES, INCLUDING, BUT NOT 
  36:Src/stm32f3xx_hal_msp.c ****   * LIMITED TO, THE IMPLIED WARRANTIES OF MERCHANTABILITY, FITNESS FOR A 
  37:Src/stm32f3xx_hal_msp.c ****   * PARTICULAR PURPOSE AND NON-INFRINGEMENT OF THIRD PARTY INTELLECTUAL PROPERTY
  38:Src/stm32f3xx_hal_msp.c ****   * RIGHTS ARE DISCLAIMED TO THE FULLEST EXTENT PERMITTED BY LAW. IN NO EVENT 
  39:Src/stm32f3xx_hal_msp.c ****   * SHALL STMICROELECTRONICS OR CONTRIBUTORS BE LIABLE FOR ANY DIRECT, INDIRECT,
  40:Src/stm32f3xx_hal_msp.c ****   * INCIDENTAL, SPECIAL, EXEMPLARY, OR CONSEQUENTIAL DAMAGES (INCLUDING, BUT NOT
  41:Src/stm32f3xx_hal_msp.c ****   * LIMITED TO, PROCUREMENT OF SUBSTITUTE GOODS OR SERVICES; LOSS OF USE, DATA, 
  42:Src/stm32f3xx_hal_msp.c ****   * OR PROFITS; OR BUSINESS INTERRUPTION) HOWEVER CAUSED AND ON ANY THEORY OF 
  43:Src/stm32f3xx_hal_msp.c ****   * LIABILITY, WHETHER IN CONTRACT, STRICT LIABILITY, OR TORT (INCLUDING 
  44:Src/stm32f3xx_hal_msp.c ****   * NEGLIGENCE OR OTHERWISE) ARISING IN ANY WAY OUT OF THE USE OF THIS SOFTWARE,
  45:Src/stm32f3xx_hal_msp.c ****   * EVEN IF ADVISED OF THE POSSIBILITY OF SUCH DAMAGE.
  46:Src/stm32f3xx_hal_msp.c ****   *
  47:Src/stm32f3xx_hal_msp.c ****   ******************************************************************************
  48:Src/stm32f3xx_hal_msp.c ****   */
  49:Src/stm32f3xx_hal_msp.c **** /* Includes ------------------------------------------------------------------*/
  50:Src/stm32f3xx_hal_msp.c **** #include "stm32f3xx_hal.h"
  51:Src/stm32f3xx_hal_msp.c **** 
  52:Src/stm32f3xx_hal_msp.c **** extern void _Error_Handler(char *, int);
  53:Src/stm32f3xx_hal_msp.c **** /* USER CODE BEGIN 0 */
  54:Src/stm32f3xx_hal_msp.c **** 
  55:Src/stm32f3xx_hal_msp.c **** /* USER CODE END 0 */
  56:Src/stm32f3xx_hal_msp.c **** /**
  57:Src/stm32f3xx_hal_msp.c ****   * Initializes the Global MSP.
  58:Src/stm32f3xx_hal_msp.c ****   */
  59:Src/stm32f3xx_hal_msp.c **** void HAL_MspInit(void)
  60:Src/stm32f3xx_hal_msp.c **** {
  28              		.loc 1 60 0
  29              		.cfi_startproc
  30              		@ args = 0, pretend = 0, frame = 8
  31              		@ frame_needed = 0, uses_anonymous_args = 0
  32 0000 00B5     		push	{lr}
  33              	.LCFI0:
  34              		.cfi_def_cfa_offset 4
  35              		.cfi_offset 14, -4
  36 0002 83B0     		sub	sp, sp, #12
  37              	.LCFI1:
  38              		.cfi_def_cfa_offset 16
  39              	.LBB2:
  61:Src/stm32f3xx_hal_msp.c ****   /* USER CODE BEGIN MspInit 0 */
  62:Src/stm32f3xx_hal_msp.c **** 
  63:Src/stm32f3xx_hal_msp.c ****   /* USER CODE END MspInit 0 */
  64:Src/stm32f3xx_hal_msp.c **** 
  65:Src/stm32f3xx_hal_msp.c ****   __HAL_RCC_SYSCFG_CLK_ENABLE();
  40              		.loc 1 65 0
  41 0004 1C4B     		ldr	r3, .L3
  42 0006 9A69     		ldr	r2, [r3, #24]
  43 0008 42F00102 		orr	r2, r2, #1
  44 000c 9A61     		str	r2, [r3, #24]
  45 000e 9B69     		ldr	r3, [r3, #24]
  46 0010 03F00103 		and	r3, r3, #1
  47 0014 0193     		str	r3, [sp, #4]
  48 0016 019B     		ldr	r3, [sp, #4]
  49              	.LBE2:
  66:Src/stm32f3xx_hal_msp.c **** 
ARM GAS  C:\Users\Victor\AppData\Local\Temp\ccHQN1sB.s 			page 3


  67:Src/stm32f3xx_hal_msp.c ****   HAL_NVIC_SetPriorityGrouping(NVIC_PRIORITYGROUP_4);
  50              		.loc 1 67 0
  51 0018 0320     		movs	r0, #3
  52 001a FFF7FEFF 		bl	HAL_NVIC_SetPriorityGrouping
  53              	.LVL0:
  68:Src/stm32f3xx_hal_msp.c **** 
  69:Src/stm32f3xx_hal_msp.c ****   /* System interrupt init*/
  70:Src/stm32f3xx_hal_msp.c ****   /* MemoryManagement_IRQn interrupt configuration */
  71:Src/stm32f3xx_hal_msp.c ****   HAL_NVIC_SetPriority(MemoryManagement_IRQn, 0, 0);
  54              		.loc 1 71 0
  55 001e 0022     		movs	r2, #0
  56 0020 1146     		mov	r1, r2
  57 0022 6FF00B00 		mvn	r0, #11
  58 0026 FFF7FEFF 		bl	HAL_NVIC_SetPriority
  59              	.LVL1:
  72:Src/stm32f3xx_hal_msp.c ****   /* BusFault_IRQn interrupt configuration */
  73:Src/stm32f3xx_hal_msp.c ****   HAL_NVIC_SetPriority(BusFault_IRQn, 0, 0);
  60              		.loc 1 73 0
  61 002a 0022     		movs	r2, #0
  62 002c 1146     		mov	r1, r2
  63 002e 6FF00A00 		mvn	r0, #10
  64 0032 FFF7FEFF 		bl	HAL_NVIC_SetPriority
  65              	.LVL2:
  74:Src/stm32f3xx_hal_msp.c ****   /* UsageFault_IRQn interrupt configuration */
  75:Src/stm32f3xx_hal_msp.c ****   HAL_NVIC_SetPriority(UsageFault_IRQn, 0, 0);
  66              		.loc 1 75 0
  67 0036 0022     		movs	r2, #0
  68 0038 1146     		mov	r1, r2
  69 003a 6FF00900 		mvn	r0, #9
  70 003e FFF7FEFF 		bl	HAL_NVIC_SetPriority
  71              	.LVL3:
  76:Src/stm32f3xx_hal_msp.c ****   /* SVCall_IRQn interrupt configuration */
  77:Src/stm32f3xx_hal_msp.c ****   HAL_NVIC_SetPriority(SVCall_IRQn, 0, 0);
  72              		.loc 1 77 0
  73 0042 0022     		movs	r2, #0
  74 0044 1146     		mov	r1, r2
  75 0046 6FF00400 		mvn	r0, #4
  76 004a FFF7FEFF 		bl	HAL_NVIC_SetPriority
  77              	.LVL4:
  78:Src/stm32f3xx_hal_msp.c ****   /* DebugMonitor_IRQn interrupt configuration */
  79:Src/stm32f3xx_hal_msp.c ****   HAL_NVIC_SetPriority(DebugMonitor_IRQn, 0, 0);
  78              		.loc 1 79 0
  79 004e 0022     		movs	r2, #0
  80 0050 1146     		mov	r1, r2
  81 0052 6FF00300 		mvn	r0, #3
  82 0056 FFF7FEFF 		bl	HAL_NVIC_SetPriority
  83              	.LVL5:
  80:Src/stm32f3xx_hal_msp.c ****   /* PendSV_IRQn interrupt configuration */
  81:Src/stm32f3xx_hal_msp.c ****   HAL_NVIC_SetPriority(PendSV_IRQn, 15, 0);
  84              		.loc 1 81 0
  85 005a 0022     		movs	r2, #0
  86 005c 0F21     		movs	r1, #15
  87 005e 6FF00100 		mvn	r0, #1
  88 0062 FFF7FEFF 		bl	HAL_NVIC_SetPriority
  89              	.LVL6:
  82:Src/stm32f3xx_hal_msp.c ****   /* SysTick_IRQn interrupt configuration */
  83:Src/stm32f3xx_hal_msp.c ****   HAL_NVIC_SetPriority(SysTick_IRQn, 15, 0);
ARM GAS  C:\Users\Victor\AppData\Local\Temp\ccHQN1sB.s 			page 4


  90              		.loc 1 83 0
  91 0066 0022     		movs	r2, #0
  92 0068 0F21     		movs	r1, #15
  93 006a 4FF0FF30 		mov	r0, #-1
  94 006e FFF7FEFF 		bl	HAL_NVIC_SetPriority
  95              	.LVL7:
  84:Src/stm32f3xx_hal_msp.c **** 
  85:Src/stm32f3xx_hal_msp.c ****   /* USER CODE BEGIN MspInit 1 */
  86:Src/stm32f3xx_hal_msp.c **** 
  87:Src/stm32f3xx_hal_msp.c ****   /* USER CODE END MspInit 1 */
  88:Src/stm32f3xx_hal_msp.c **** }
  96              		.loc 1 88 0
  97 0072 03B0     		add	sp, sp, #12
  98              	.LCFI2:
  99              		.cfi_def_cfa_offset 4
 100              		@ sp needed
 101 0074 5DF804FB 		ldr	pc, [sp], #4
 102              	.L4:
 103              		.align	2
 104              	.L3:
 105 0078 00100240 		.word	1073876992
 106              		.cfi_endproc
 107              	.LFE124:
 109              		.section	.text.HAL_UART_MspInit,"ax",%progbits
 110              		.align	1
 111              		.global	HAL_UART_MspInit
 112              		.syntax unified
 113              		.thumb
 114              		.thumb_func
 115              		.fpu fpv4-sp-d16
 117              	HAL_UART_MspInit:
 118              	.LFB125:
  89:Src/stm32f3xx_hal_msp.c **** 
  90:Src/stm32f3xx_hal_msp.c **** void HAL_UART_MspInit(UART_HandleTypeDef* huart)
  91:Src/stm32f3xx_hal_msp.c **** {
 119              		.loc 1 91 0
 120              		.cfi_startproc
 121              		@ args = 0, pretend = 0, frame = 24
 122              		@ frame_needed = 0, uses_anonymous_args = 0
 123              	.LVL8:
  92:Src/stm32f3xx_hal_msp.c **** 
  93:Src/stm32f3xx_hal_msp.c ****   GPIO_InitTypeDef GPIO_InitStruct;
  94:Src/stm32f3xx_hal_msp.c ****   if(huart->Instance==USART1)
 124              		.loc 1 94 0
 125 0000 0268     		ldr	r2, [r0]
 126 0002 124B     		ldr	r3, .L12
 127 0004 9A42     		cmp	r2, r3
 128 0006 00D0     		beq	.L11
 129 0008 7047     		bx	lr
 130              	.L11:
  91:Src/stm32f3xx_hal_msp.c **** 
 131              		.loc 1 91 0
 132 000a 00B5     		push	{lr}
 133              	.LCFI3:
 134              		.cfi_def_cfa_offset 4
 135              		.cfi_offset 14, -4
 136 000c 87B0     		sub	sp, sp, #28
ARM GAS  C:\Users\Victor\AppData\Local\Temp\ccHQN1sB.s 			page 5


 137              	.LCFI4:
 138              		.cfi_def_cfa_offset 32
 139              	.LBB3:
  95:Src/stm32f3xx_hal_msp.c ****   {
  96:Src/stm32f3xx_hal_msp.c ****   /* USER CODE BEGIN USART1_MspInit 0 */
  97:Src/stm32f3xx_hal_msp.c **** 
  98:Src/stm32f3xx_hal_msp.c ****   /* USER CODE END USART1_MspInit 0 */
  99:Src/stm32f3xx_hal_msp.c ****     /* Peripheral clock enable */
 100:Src/stm32f3xx_hal_msp.c ****     __HAL_RCC_USART1_CLK_ENABLE();
 140              		.loc 1 100 0
 141 000e 03F55843 		add	r3, r3, #55296
 142 0012 9A69     		ldr	r2, [r3, #24]
 143 0014 42F48042 		orr	r2, r2, #16384
 144 0018 9A61     		str	r2, [r3, #24]
 145 001a 9B69     		ldr	r3, [r3, #24]
 146 001c 03F48043 		and	r3, r3, #16384
 147 0020 0093     		str	r3, [sp]
 148 0022 009B     		ldr	r3, [sp]
 149              	.LBE3:
 101:Src/stm32f3xx_hal_msp.c ****   
 102:Src/stm32f3xx_hal_msp.c ****     /**USART1 GPIO Configuration    
 103:Src/stm32f3xx_hal_msp.c ****     PA9     ------> USART1_TX
 104:Src/stm32f3xx_hal_msp.c ****     PA10     ------> USART1_RX 
 105:Src/stm32f3xx_hal_msp.c ****     */
 106:Src/stm32f3xx_hal_msp.c ****     GPIO_InitStruct.Pin = transmit_Pin|recep_Pin;
 150              		.loc 1 106 0
 151 0024 4FF4C063 		mov	r3, #1536
 152 0028 0193     		str	r3, [sp, #4]
 107:Src/stm32f3xx_hal_msp.c ****     GPIO_InitStruct.Mode = GPIO_MODE_AF_PP;
 153              		.loc 1 107 0
 154 002a 0223     		movs	r3, #2
 155 002c 0293     		str	r3, [sp, #8]
 108:Src/stm32f3xx_hal_msp.c ****     GPIO_InitStruct.Pull = GPIO_PULLUP;
 156              		.loc 1 108 0
 157 002e 0123     		movs	r3, #1
 158 0030 0393     		str	r3, [sp, #12]
 109:Src/stm32f3xx_hal_msp.c ****     GPIO_InitStruct.Speed = GPIO_SPEED_FREQ_HIGH;
 159              		.loc 1 109 0
 160 0032 0323     		movs	r3, #3
 161 0034 0493     		str	r3, [sp, #16]
 110:Src/stm32f3xx_hal_msp.c ****     GPIO_InitStruct.Alternate = GPIO_AF7_USART1;
 162              		.loc 1 110 0
 163 0036 0723     		movs	r3, #7
 164 0038 0593     		str	r3, [sp, #20]
 111:Src/stm32f3xx_hal_msp.c ****     HAL_GPIO_Init(GPIOA, &GPIO_InitStruct);
 165              		.loc 1 111 0
 166 003a 01A9     		add	r1, sp, #4
 167 003c 4FF09040 		mov	r0, #1207959552
 168              	.LVL9:
 169 0040 FFF7FEFF 		bl	HAL_GPIO_Init
 170              	.LVL10:
 112:Src/stm32f3xx_hal_msp.c **** 
 113:Src/stm32f3xx_hal_msp.c ****   /* USER CODE BEGIN USART1_MspInit 1 */
 114:Src/stm32f3xx_hal_msp.c **** 
 115:Src/stm32f3xx_hal_msp.c ****   /* USER CODE END USART1_MspInit 1 */
 116:Src/stm32f3xx_hal_msp.c ****   }
 117:Src/stm32f3xx_hal_msp.c **** 
ARM GAS  C:\Users\Victor\AppData\Local\Temp\ccHQN1sB.s 			page 6


 118:Src/stm32f3xx_hal_msp.c **** }
 171              		.loc 1 118 0
 172 0044 07B0     		add	sp, sp, #28
 173              	.LCFI5:
 174              		.cfi_def_cfa_offset 4
 175              		@ sp needed
 176 0046 5DF804FB 		ldr	pc, [sp], #4
 177              	.L13:
 178 004a 00BF     		.align	2
 179              	.L12:
 180 004c 00380140 		.word	1073821696
 181              		.cfi_endproc
 182              	.LFE125:
 184              		.section	.text.HAL_UART_MspDeInit,"ax",%progbits
 185              		.align	1
 186              		.global	HAL_UART_MspDeInit
 187              		.syntax unified
 188              		.thumb
 189              		.thumb_func
 190              		.fpu fpv4-sp-d16
 192              	HAL_UART_MspDeInit:
 193              	.LFB126:
 119:Src/stm32f3xx_hal_msp.c **** 
 120:Src/stm32f3xx_hal_msp.c **** void HAL_UART_MspDeInit(UART_HandleTypeDef* huart)
 121:Src/stm32f3xx_hal_msp.c **** {
 194              		.loc 1 121 0
 195              		.cfi_startproc
 196              		@ args = 0, pretend = 0, frame = 0
 197              		@ frame_needed = 0, uses_anonymous_args = 0
 198              	.LVL11:
 199 0000 08B5     		push	{r3, lr}
 200              	.LCFI6:
 201              		.cfi_def_cfa_offset 8
 202              		.cfi_offset 3, -8
 203              		.cfi_offset 14, -4
 122:Src/stm32f3xx_hal_msp.c **** 
 123:Src/stm32f3xx_hal_msp.c ****   if(huart->Instance==USART1)
 204              		.loc 1 123 0
 205 0002 0268     		ldr	r2, [r0]
 206 0004 074B     		ldr	r3, .L18
 207 0006 9A42     		cmp	r2, r3
 208 0008 00D0     		beq	.L17
 209              	.LVL12:
 210              	.L14:
 211 000a 08BD     		pop	{r3, pc}
 212              	.LVL13:
 213              	.L17:
 124:Src/stm32f3xx_hal_msp.c ****   {
 125:Src/stm32f3xx_hal_msp.c ****   /* USER CODE BEGIN USART1_MspDeInit 0 */
 126:Src/stm32f3xx_hal_msp.c **** 
 127:Src/stm32f3xx_hal_msp.c ****   /* USER CODE END USART1_MspDeInit 0 */
 128:Src/stm32f3xx_hal_msp.c ****     /* Peripheral clock disable */
 129:Src/stm32f3xx_hal_msp.c ****     __HAL_RCC_USART1_CLK_DISABLE();
 214              		.loc 1 129 0
 215 000c 064A     		ldr	r2, .L18+4
 216 000e 9369     		ldr	r3, [r2, #24]
 217 0010 23F48043 		bic	r3, r3, #16384
ARM GAS  C:\Users\Victor\AppData\Local\Temp\ccHQN1sB.s 			page 7


 218 0014 9361     		str	r3, [r2, #24]
 130:Src/stm32f3xx_hal_msp.c ****   
 131:Src/stm32f3xx_hal_msp.c ****     /**USART1 GPIO Configuration    
 132:Src/stm32f3xx_hal_msp.c ****     PA9     ------> USART1_TX
 133:Src/stm32f3xx_hal_msp.c ****     PA10     ------> USART1_RX 
 134:Src/stm32f3xx_hal_msp.c ****     */
 135:Src/stm32f3xx_hal_msp.c ****     HAL_GPIO_DeInit(GPIOA, transmit_Pin|recep_Pin);
 219              		.loc 1 135 0
 220 0016 4FF4C061 		mov	r1, #1536
 221 001a 4FF09040 		mov	r0, #1207959552
 222              	.LVL14:
 223 001e FFF7FEFF 		bl	HAL_GPIO_DeInit
 224              	.LVL15:
 136:Src/stm32f3xx_hal_msp.c **** 
 137:Src/stm32f3xx_hal_msp.c ****   /* USER CODE BEGIN USART1_MspDeInit 1 */
 138:Src/stm32f3xx_hal_msp.c **** 
 139:Src/stm32f3xx_hal_msp.c ****   /* USER CODE END USART1_MspDeInit 1 */
 140:Src/stm32f3xx_hal_msp.c ****   }
 141:Src/stm32f3xx_hal_msp.c **** 
 142:Src/stm32f3xx_hal_msp.c **** }
 225              		.loc 1 142 0
 226 0022 F2E7     		b	.L14
 227              	.L19:
 228              		.align	2
 229              	.L18:
 230 0024 00380140 		.word	1073821696
 231 0028 00100240 		.word	1073876992
 232              		.cfi_endproc
 233              	.LFE126:
 235              		.text
 236              	.Letext0:
 237              		.file 2 "c:\\users\\victor\\desktop\\projet_robot\\arm-none-eabi\\include\\machine\\_default_types
 238              		.file 3 "c:\\users\\victor\\desktop\\projet_robot\\arm-none-eabi\\include\\sys\\_stdint.h"
 239              		.file 4 "Drivers/CMSIS/Include/core_cm4.h"
 240              		.file 5 "Drivers/CMSIS/Device/ST/STM32F3xx/Include/system_stm32f3xx.h"
 241              		.file 6 "Drivers/CMSIS/Device/ST/STM32F3xx/Include/stm32f303x8.h"
 242              		.file 7 "c:\\users\\victor\\desktop\\projet_robot\\arm-none-eabi\\include\\sys\\lock.h"
 243              		.file 8 "c:\\users\\victor\\desktop\\projet_robot\\arm-none-eabi\\include\\sys\\_types.h"
 244              		.file 9 "c:\\users\\victor\\desktop\\projet_robot\\lib\\gcc\\arm-none-eabi\\6.3.1\\include\\stddef
 245              		.file 10 "c:\\users\\victor\\desktop\\projet_robot\\arm-none-eabi\\include\\sys\\reent.h"
 246              		.file 11 "Drivers/STM32F3xx_HAL_Driver/Inc/stm32f3xx_hal_def.h"
 247              		.file 12 "Drivers/STM32F3xx_HAL_Driver/Inc/stm32f3xx_hal_gpio.h"
 248              		.file 13 "Drivers/STM32F3xx_HAL_Driver/Inc/stm32f3xx_hal_dma.h"
 249              		.file 14 "Drivers/STM32F3xx_HAL_Driver/Inc/stm32f3xx_hal_uart.h"
 250              		.file 15 "Drivers/STM32F3xx_HAL_Driver/Inc/stm32f3xx_hal_cortex.h"
ARM GAS  C:\Users\Victor\AppData\Local\Temp\ccHQN1sB.s 			page 8


DEFINED SYMBOLS
                            *ABS*:00000000 stm32f3xx_hal_msp.c
C:\Users\Victor\AppData\Local\Temp\ccHQN1sB.s:18     .text.HAL_MspInit:00000000 $t
C:\Users\Victor\AppData\Local\Temp\ccHQN1sB.s:25     .text.HAL_MspInit:00000000 HAL_MspInit
C:\Users\Victor\AppData\Local\Temp\ccHQN1sB.s:105    .text.HAL_MspInit:00000078 $d
C:\Users\Victor\AppData\Local\Temp\ccHQN1sB.s:110    .text.HAL_UART_MspInit:00000000 $t
C:\Users\Victor\AppData\Local\Temp\ccHQN1sB.s:117    .text.HAL_UART_MspInit:00000000 HAL_UART_MspInit
C:\Users\Victor\AppData\Local\Temp\ccHQN1sB.s:180    .text.HAL_UART_MspInit:0000004c $d
C:\Users\Victor\AppData\Local\Temp\ccHQN1sB.s:185    .text.HAL_UART_MspDeInit:00000000 $t
C:\Users\Victor\AppData\Local\Temp\ccHQN1sB.s:192    .text.HAL_UART_MspDeInit:00000000 HAL_UART_MspDeInit
C:\Users\Victor\AppData\Local\Temp\ccHQN1sB.s:230    .text.HAL_UART_MspDeInit:00000024 $d
                     .debug_frame:00000010 $d

UNDEFINED SYMBOLS
HAL_NVIC_SetPriorityGrouping
HAL_NVIC_SetPriority
HAL_GPIO_Init
HAL_GPIO_DeInit
