ARM GAS  /tmp/ccSEQsPW.s 			page 1


   1              		.syntax unified
   2              		.cpu cortex-m4
   3              		.eabi_attribute 27, 1
   4              		.eabi_attribute 28, 1
   5              		.fpu fpv4-sp-d16
   6              		.eabi_attribute 20, 1
   7              		.eabi_attribute 21, 1
   8              		.eabi_attribute 23, 3
   9              		.eabi_attribute 24, 1
  10              		.eabi_attribute 25, 1
  11              		.eabi_attribute 26, 1
  12              		.eabi_attribute 30, 1
  13              		.eabi_attribute 34, 1
  14              		.eabi_attribute 18, 4
  15              		.thumb
  16              		.syntax unified
  17              		.file	"freertos.c"
  18              		.text
  19              	.Ltext0:
  20              		.cfi_sections	.debug_frame
  21              		.section	.text.alumer_gauche,"ax",%progbits
  22              		.align	2
  23              		.global	alumer_gauche
  24              		.thumb
  25              		.thumb_func
  27              	alumer_gauche:
  28              	.LFB129:
  29              		.file 1 "Src/freertos.c"
   1:Src/freertos.c **** /**
   2:Src/freertos.c ****   ******************************************************************************
   3:Src/freertos.c ****   * File Name          : freertos.c
   4:Src/freertos.c ****   * Description        : Code for freertos applications
   5:Src/freertos.c ****   ******************************************************************************
   6:Src/freertos.c ****   * This notice applies to any and all portions of this file
   7:Src/freertos.c ****   * that are not between comment pairs USER CODE BEGIN and
   8:Src/freertos.c ****   * USER CODE END. Other portions of this file, whether 
   9:Src/freertos.c ****   * inserted by the user or by software development tools
  10:Src/freertos.c ****   * are owned by their respective copyright owners.
  11:Src/freertos.c ****   *
  12:Src/freertos.c ****   * Copyright (c) 2017 STMicroelectronics International N.V. 
  13:Src/freertos.c ****   * All rights reserved.
  14:Src/freertos.c ****   *
  15:Src/freertos.c ****   * Redistribution and use in source and binary forms, with or without 
  16:Src/freertos.c ****   * modification, are permitted, provided that the following conditions are met:
  17:Src/freertos.c ****   *
  18:Src/freertos.c ****   * 1. Redistribution of source code must retain the above copyright notice, 
  19:Src/freertos.c ****   *    this list of conditions and the following disclaimer.
  20:Src/freertos.c ****   * 2. Redistributions in binary form must reproduce the above copyright notice,
  21:Src/freertos.c ****   *    this list of conditions and the following disclaimer in the documentation
  22:Src/freertos.c ****   *    and/or other materials provided with the distribution.
  23:Src/freertos.c ****   * 3. Neither the name of STMicroelectronics nor the names of other 
  24:Src/freertos.c ****   *    contributors to this software may be used to endorse or promote products 
  25:Src/freertos.c ****   *    derived from this software without specific written permission.
  26:Src/freertos.c ****   * 4. This software, including modifications and/or derivative works of this 
  27:Src/freertos.c ****   *    software, must execute solely and exclusively on microcontroller or
  28:Src/freertos.c ****   *    microprocessor devices manufactured by or for STMicroelectronics.
  29:Src/freertos.c ****   * 5. Redistribution and use of this software other than as permitted under 
ARM GAS  /tmp/ccSEQsPW.s 			page 2


  30:Src/freertos.c ****   *    this license is void and will automatically terminate your rights under 
  31:Src/freertos.c ****   *    this license. 
  32:Src/freertos.c ****   *
  33:Src/freertos.c ****   * THIS SOFTWARE IS PROVIDED BY STMICROELECTRONICS AND CONTRIBUTORS "AS IS" 
  34:Src/freertos.c ****   * AND ANY EXPRESS, IMPLIED OR STATUTORY WARRANTIES, INCLUDING, BUT NOT 
  35:Src/freertos.c ****   * LIMITED TO, THE IMPLIED WARRANTIES OF MERCHANTABILITY, FITNESS FOR A 
  36:Src/freertos.c ****   * PARTICULAR PURPOSE AND NON-INFRINGEMENT OF THIRD PARTY INTELLECTUAL PROPERTY
  37:Src/freertos.c ****   * RIGHTS ARE DISCLAIMED TO THE FULLEST EXTENT PERMITTED BY LAW. IN NO EVENT 
  38:Src/freertos.c ****   * SHALL STMICROELECTRONICS OR CONTRIBUTORS BE LIABLE FOR ANY DIRECT, INDIRECT,
  39:Src/freertos.c ****   * INCIDENTAL, SPECIAL, EXEMPLARY, OR CONSEQUENTIAL DAMAGES (INCLUDING, BUT NOT
  40:Src/freertos.c ****   * LIMITED TO, PROCUREMENT OF SUBSTITUTE GOODS OR SERVICES; LOSS OF USE, DATA, 
  41:Src/freertos.c ****   * OR PROFITS; OR BUSINESS INTERRUPTION) HOWEVER CAUSED AND ON ANY THEORY OF 
  42:Src/freertos.c ****   * LIABILITY, WHETHER IN CONTRACT, STRICT LIABILITY, OR TORT (INCLUDING 
  43:Src/freertos.c ****   * NEGLIGENCE OR OTHERWISE) ARISING IN ANY WAY OUT OF THE USE OF THIS SOFTWARE,
  44:Src/freertos.c ****   * EVEN IF ADVISED OF THE POSSIBILITY OF SUCH DAMAGE.
  45:Src/freertos.c ****   *
  46:Src/freertos.c ****   ******************************************************************************
  47:Src/freertos.c ****   */
  48:Src/freertos.c **** 
  49:Src/freertos.c **** /* Includes ------------------------------------------------------------------*/
  50:Src/freertos.c **** #include "FreeRTOS.h"
  51:Src/freertos.c **** #include "task.h"
  52:Src/freertos.c **** 
  53:Src/freertos.c **** /* USER CODE BEGIN Includes */     
  54:Src/freertos.c **** #include "cmsis_os.h"
  55:Src/freertos.c **** #include "main.h"
  56:Src/freertos.c **** #include "stm32f3xx_hal.h"
  57:Src/freertos.c **** #include "stm32f3xx_hal_tim_ex.h"
  58:Src/freertos.c **** /* USER CODE END Includes */
  59:Src/freertos.c **** 
  60:Src/freertos.c **** /* Variables -----------------------------------------------------------------*/
  61:Src/freertos.c **** 
  62:Src/freertos.c **** /* USER CODE BEGIN Variables */
  63:Src/freertos.c **** extern TIM_HandleTypeDef htim3;
  64:Src/freertos.c **** /* USER CODE END Variables */
  65:Src/freertos.c **** 
  66:Src/freertos.c **** /* Function prototypes -------------------------------------------------------*/
  67:Src/freertos.c **** 
  68:Src/freertos.c **** /* USER CODE BEGIN FunctionPrototypes */
  69:Src/freertos.c **** void alumer_gauche();
  70:Src/freertos.c **** void eteindre_gauche();
  71:Src/freertos.c **** 
  72:Src/freertos.c **** void alumer_droite();
  73:Src/freertos.c **** void eteindre_droite();
  74:Src/freertos.c **** 
  75:Src/freertos.c **** void avancer_dix_cm();
  76:Src/freertos.c **** void reculer_dix_cm();
  77:Src/freertos.c **** void tourner_droite();
  78:Src/freertos.c **** void tourner_gauche();
  79:Src/freertos.c **** 
  80:Src/freertos.c **** void accelerer();
  81:Src/freertos.c **** void deccelerer();
  82:Src/freertos.c **** 
  83:Src/freertos.c **** void alumer_gauche(int sens) {
  30              		.loc 1 83 0
  31              		.cfi_startproc
  32              		@ args = 0, pretend = 0, frame = 0
ARM GAS  /tmp/ccSEQsPW.s 			page 3


  33              		@ frame_needed = 0, uses_anonymous_args = 0
  34              	.LVL0:
  35 0000 38B5     		push	{r3, r4, r5, lr}
  36              	.LCFI0:
  37              		.cfi_def_cfa_offset 16
  38              		.cfi_offset 3, -16
  39              		.cfi_offset 4, -12
  40              		.cfi_offset 5, -8
  41              		.cfi_offset 14, -4
  84:Src/freertos.c ****     HAL_GPIO_WritePin(ain1_GPIO_Port, ain1_Pin, !sens);
  42              		.loc 1 84 0
  43 0002 0546     		mov	r5, r0
  44 0004 064C     		ldr	r4, .L3
  45 0006 B0FA80F2 		clz	r2, r0
  46 000a 5209     		lsrs	r2, r2, #5
  47 000c 0221     		movs	r1, #2
  48 000e 2046     		mov	r0, r4
  49              	.LVL1:
  50 0010 FFF7FEFF 		bl	HAL_GPIO_WritePin
  51              	.LVL2:
  85:Src/freertos.c ****     HAL_GPIO_WritePin(ain2_GPIO_Port, ain2_Pin, sens);
  52              		.loc 1 85 0
  53 0014 EAB2     		uxtb	r2, r5
  54 0016 0121     		movs	r1, #1
  55 0018 2046     		mov	r0, r4
  56 001a FFF7FEFF 		bl	HAL_GPIO_WritePin
  57              	.LVL3:
  58 001e 38BD     		pop	{r3, r4, r5, pc}
  59              	.LVL4:
  60              	.L4:
  61              		.align	2
  62              	.L3:
  63 0020 00140048 		.word	1207964672
  64              		.cfi_endproc
  65              	.LFE129:
  67              		.section	.text.alumer_droite,"ax",%progbits
  68              		.align	2
  69              		.global	alumer_droite
  70              		.thumb
  71              		.thumb_func
  73              	alumer_droite:
  74              	.LFB130:
  86:Src/freertos.c **** }
  87:Src/freertos.c **** 
  88:Src/freertos.c **** void alumer_droite(int sens) {
  75              		.loc 1 88 0
  76              		.cfi_startproc
  77              		@ args = 0, pretend = 0, frame = 0
  78              		@ frame_needed = 0, uses_anonymous_args = 0
  79              	.LVL5:
  80 0000 10B5     		push	{r4, lr}
  81              	.LCFI1:
  82              		.cfi_def_cfa_offset 8
  83              		.cfi_offset 4, -8
  84              		.cfi_offset 14, -4
  89:Src/freertos.c ****     HAL_GPIO_WritePin(bin1_GPIO_Port, bin1_Pin, !sens);
  85              		.loc 1 89 0
ARM GAS  /tmp/ccSEQsPW.s 			page 4


  86 0002 0446     		mov	r4, r0
  87 0004 B0FA80F2 		clz	r2, r0
  88 0008 5209     		lsrs	r2, r2, #5
  89 000a 4FF40061 		mov	r1, #2048
  90 000e 4FF09040 		mov	r0, #1207959552
  91              	.LVL6:
  92 0012 FFF7FEFF 		bl	HAL_GPIO_WritePin
  93              	.LVL7:
  90:Src/freertos.c ****     HAL_GPIO_WritePin(bin2_GPIO_Port, bin2_Pin, sens);
  94              		.loc 1 90 0
  95 0016 E2B2     		uxtb	r2, r4
  96 0018 2021     		movs	r1, #32
  97 001a 0248     		ldr	r0, .L7
  98 001c FFF7FEFF 		bl	HAL_GPIO_WritePin
  99              	.LVL8:
 100 0020 10BD     		pop	{r4, pc}
 101              	.LVL9:
 102              	.L8:
 103 0022 00BF     		.align	2
 104              	.L7:
 105 0024 00040048 		.word	1207960576
 106              		.cfi_endproc
 107              	.LFE130:
 109              		.section	.text.eteindre_gauche,"ax",%progbits
 110              		.align	2
 111              		.global	eteindre_gauche
 112              		.thumb
 113              		.thumb_func
 115              	eteindre_gauche:
 116              	.LFB131:
  91:Src/freertos.c **** }
  92:Src/freertos.c **** 
  93:Src/freertos.c **** void eteindre_gauche() {
 117              		.loc 1 93 0
 118              		.cfi_startproc
 119              		@ args = 0, pretend = 0, frame = 0
 120              		@ frame_needed = 0, uses_anonymous_args = 0
 121 0000 10B5     		push	{r4, lr}
 122              	.LCFI2:
 123              		.cfi_def_cfa_offset 8
 124              		.cfi_offset 4, -8
 125              		.cfi_offset 14, -4
  94:Src/freertos.c ****     HAL_GPIO_WritePin(ain1_GPIO_Port, ain1_Pin, 0);
 126              		.loc 1 94 0
 127 0002 064C     		ldr	r4, .L11
 128 0004 0022     		movs	r2, #0
 129 0006 0221     		movs	r1, #2
 130 0008 2046     		mov	r0, r4
 131 000a FFF7FEFF 		bl	HAL_GPIO_WritePin
 132              	.LVL10:
  95:Src/freertos.c ****     HAL_GPIO_WritePin(ain2_GPIO_Port, ain2_Pin, 0);
 133              		.loc 1 95 0
 134 000e 0022     		movs	r2, #0
 135 0010 0121     		movs	r1, #1
 136 0012 2046     		mov	r0, r4
 137 0014 FFF7FEFF 		bl	HAL_GPIO_WritePin
 138              	.LVL11:
ARM GAS  /tmp/ccSEQsPW.s 			page 5


 139 0018 10BD     		pop	{r4, pc}
 140              	.L12:
 141 001a 00BF     		.align	2
 142              	.L11:
 143 001c 00140048 		.word	1207964672
 144              		.cfi_endproc
 145              	.LFE131:
 147              		.section	.text.eteindre_droite,"ax",%progbits
 148              		.align	2
 149              		.global	eteindre_droite
 150              		.thumb
 151              		.thumb_func
 153              	eteindre_droite:
 154              	.LFB132:
  96:Src/freertos.c **** }
  97:Src/freertos.c **** 
  98:Src/freertos.c **** void eteindre_droite() {
 155              		.loc 1 98 0
 156              		.cfi_startproc
 157              		@ args = 0, pretend = 0, frame = 0
 158              		@ frame_needed = 0, uses_anonymous_args = 0
 159 0000 08B5     		push	{r3, lr}
 160              	.LCFI3:
 161              		.cfi_def_cfa_offset 8
 162              		.cfi_offset 3, -8
 163              		.cfi_offset 14, -4
  99:Src/freertos.c ****     HAL_GPIO_WritePin(bin1_GPIO_Port, bin1_Pin, 0);
 164              		.loc 1 99 0
 165 0002 0022     		movs	r2, #0
 166 0004 4FF40061 		mov	r1, #2048
 167 0008 4FF09040 		mov	r0, #1207959552
 168 000c FFF7FEFF 		bl	HAL_GPIO_WritePin
 169              	.LVL12:
 100:Src/freertos.c ****     HAL_GPIO_WritePin(bin2_GPIO_Port, bin2_Pin, 0);
 170              		.loc 1 100 0
 171 0010 0022     		movs	r2, #0
 172 0012 2021     		movs	r1, #32
 173 0014 0148     		ldr	r0, .L15
 174 0016 FFF7FEFF 		bl	HAL_GPIO_WritePin
 175              	.LVL13:
 176 001a 08BD     		pop	{r3, pc}
 177              	.L16:
 178              		.align	2
 179              	.L15:
 180 001c 00040048 		.word	1207960576
 181              		.cfi_endproc
 182              	.LFE132:
 184              		.section	.text.accelerer,"ax",%progbits
 185              		.align	2
 186              		.global	accelerer
 187              		.thumb
 188              		.thumb_func
 190              	accelerer:
 191              	.LFB137:
 101:Src/freertos.c **** }
 102:Src/freertos.c **** 
 103:Src/freertos.c **** void avancer_dix_cm() {
ARM GAS  /tmp/ccSEQsPW.s 			page 6


 104:Src/freertos.c ****     alumer_droite(1);
 105:Src/freertos.c ****     alumer_gauche(1);
 106:Src/freertos.c ****     accelerer();
 107:Src/freertos.c ****     osDelay(2000);
 108:Src/freertos.c ****     deccelerer();
 109:Src/freertos.c ****     eteindre_droite();
 110:Src/freertos.c ****     eteindre_gauche();
 111:Src/freertos.c **** }
 112:Src/freertos.c **** 
 113:Src/freertos.c **** void reculer_dix_cm() {
 114:Src/freertos.c ****     alumer_droite(0);
 115:Src/freertos.c ****     alumer_gauche(0);
 116:Src/freertos.c ****     accelerer();
 117:Src/freertos.c ****     osDelay(2000);
 118:Src/freertos.c ****     deccelerer();
 119:Src/freertos.c ****     eteindre_droite();
 120:Src/freertos.c ****     eteindre_gauche();
 121:Src/freertos.c **** 
 122:Src/freertos.c **** }
 123:Src/freertos.c **** 
 124:Src/freertos.c **** void tourner_droite() {
 125:Src/freertos.c ****     alumer_gauche(1);
 126:Src/freertos.c ****     alumer_droite(0);
 127:Src/freertos.c ****     accelerer();
 128:Src/freertos.c ****     osDelay(1000);
 129:Src/freertos.c ****     deccelerer();
 130:Src/freertos.c ****     eteindre_droite();
 131:Src/freertos.c ****     eteindre_gauche();
 132:Src/freertos.c **** }
 133:Src/freertos.c **** 
 134:Src/freertos.c **** void tourner_gauche() {
 135:Src/freertos.c ****     alumer_droite(1);
 136:Src/freertos.c ****     alumer_gauche(0);
 137:Src/freertos.c ****     accelerer();
 138:Src/freertos.c ****     osDelay(1000);
 139:Src/freertos.c ****     deccelerer();
 140:Src/freertos.c ****     eteindre_droite();
 141:Src/freertos.c ****     eteindre_gauche();
 142:Src/freertos.c **** }
 143:Src/freertos.c **** 
 144:Src/freertos.c **** void accelerer() {
 192              		.loc 1 144 0
 193              		.cfi_startproc
 194              		@ args = 0, pretend = 0, frame = 0
 195              		@ frame_needed = 0, uses_anonymous_args = 0
 196 0000 10B5     		push	{r4, lr}
 197              	.LCFI4:
 198              		.cfi_def_cfa_offset 8
 199              		.cfi_offset 4, -8
 200              		.cfi_offset 14, -4
 201              	.LVL14:
 145:Src/freertos.c ****     int pwm = 0;
 202              		.loc 1 145 0
 203 0002 0024     		movs	r4, #0
 146:Src/freertos.c ****     while (pwm != 320) {
 204              		.loc 1 146 0
 205 0004 07E0     		b	.L18
ARM GAS  /tmp/ccSEQsPW.s 			page 7


 206              	.LVL15:
 207              	.L19:
 147:Src/freertos.c ****         __HAL_TIM_SET_COMPARE(&htim3, TIM_CHANNEL_1, pwm);
 208              		.loc 1 147 0
 209 0006 064B     		ldr	r3, .L21
 210 0008 1B68     		ldr	r3, [r3]
 211 000a 5C63     		str	r4, [r3, #52]
 148:Src/freertos.c ****         __HAL_TIM_SET_COMPARE(&htim3, TIM_CHANNEL_4, pwm);
 212              		.loc 1 148 0
 213 000c 1C64     		str	r4, [r3, #64]
 149:Src/freertos.c ****         pwm += 20;
 214              		.loc 1 149 0
 215 000e 1434     		adds	r4, r4, #20
 216              	.LVL16:
 150:Src/freertos.c ****         osDelay(100);
 217              		.loc 1 150 0
 218 0010 6420     		movs	r0, #100
 219 0012 FFF7FEFF 		bl	osDelay
 220              	.LVL17:
 221              	.L18:
 146:Src/freertos.c ****         __HAL_TIM_SET_COMPARE(&htim3, TIM_CHANNEL_1, pwm);
 222              		.loc 1 146 0
 223 0016 B4F5A07F 		cmp	r4, #320
 224 001a F4D1     		bne	.L19
 151:Src/freertos.c ****     }
 152:Src/freertos.c **** }
 225              		.loc 1 152 0
 226 001c 10BD     		pop	{r4, pc}
 227              	.LVL18:
 228              	.L22:
 229 001e 00BF     		.align	2
 230              	.L21:
 231 0020 00000000 		.word	htim3
 232              		.cfi_endproc
 233              	.LFE137:
 235              		.section	.text.deccelerer,"ax",%progbits
 236              		.align	2
 237              		.global	deccelerer
 238              		.thumb
 239              		.thumb_func
 241              	deccelerer:
 242              	.LFB138:
 153:Src/freertos.c **** 
 154:Src/freertos.c **** void deccelerer() {
 243              		.loc 1 154 0
 244              		.cfi_startproc
 245              		@ args = 0, pretend = 0, frame = 0
 246              		@ frame_needed = 0, uses_anonymous_args = 0
 247 0000 10B5     		push	{r4, lr}
 248              	.LCFI5:
 249              		.cfi_def_cfa_offset 8
 250              		.cfi_offset 4, -8
 251              		.cfi_offset 14, -4
 252              	.LVL19:
 155:Src/freertos.c ****     int pwm = 320;
 253              		.loc 1 155 0
 254 0002 4FF4A074 		mov	r4, #320
ARM GAS  /tmp/ccSEQsPW.s 			page 8


 156:Src/freertos.c ****     while (pwm != 0) {
 255              		.loc 1 156 0
 256 0006 07E0     		b	.L24
 257              	.LVL20:
 258              	.L25:
 157:Src/freertos.c ****         __HAL_TIM_SET_COMPARE(&htim3, TIM_CHANNEL_1, pwm);
 259              		.loc 1 157 0
 260 0008 054B     		ldr	r3, .L27
 261 000a 1B68     		ldr	r3, [r3]
 262 000c 5C63     		str	r4, [r3, #52]
 158:Src/freertos.c ****         __HAL_TIM_SET_COMPARE(&htim3, TIM_CHANNEL_4, pwm);
 263              		.loc 1 158 0
 264 000e 1C64     		str	r4, [r3, #64]
 159:Src/freertos.c ****         pwm -= 20;
 265              		.loc 1 159 0
 266 0010 143C     		subs	r4, r4, #20
 267              	.LVL21:
 160:Src/freertos.c ****         osDelay(100);
 268              		.loc 1 160 0
 269 0012 6420     		movs	r0, #100
 270 0014 FFF7FEFF 		bl	osDelay
 271              	.LVL22:
 272              	.L24:
 156:Src/freertos.c ****         __HAL_TIM_SET_COMPARE(&htim3, TIM_CHANNEL_1, pwm);
 273              		.loc 1 156 0
 274 0018 002C     		cmp	r4, #0
 275 001a F5D1     		bne	.L25
 161:Src/freertos.c ****     }
 162:Src/freertos.c **** }
 276              		.loc 1 162 0
 277 001c 10BD     		pop	{r4, pc}
 278              	.LVL23:
 279              	.L28:
 280 001e 00BF     		.align	2
 281              	.L27:
 282 0020 00000000 		.word	htim3
 283              		.cfi_endproc
 284              	.LFE138:
 286              		.section	.text.avancer_dix_cm,"ax",%progbits
 287              		.align	2
 288              		.global	avancer_dix_cm
 289              		.thumb
 290              		.thumb_func
 292              	avancer_dix_cm:
 293              	.LFB133:
 103:Src/freertos.c ****     alumer_droite(1);
 294              		.loc 1 103 0
 295              		.cfi_startproc
 296              		@ args = 0, pretend = 0, frame = 0
 297              		@ frame_needed = 0, uses_anonymous_args = 0
 298 0000 08B5     		push	{r3, lr}
 299              	.LCFI6:
 300              		.cfi_def_cfa_offset 8
 301              		.cfi_offset 3, -8
 302              		.cfi_offset 14, -4
 104:Src/freertos.c ****     alumer_gauche(1);
 303              		.loc 1 104 0
ARM GAS  /tmp/ccSEQsPW.s 			page 9


 304 0002 0120     		movs	r0, #1
 305 0004 FFF7FEFF 		bl	alumer_droite
 306              	.LVL24:
 105:Src/freertos.c ****     accelerer();
 307              		.loc 1 105 0
 308 0008 0120     		movs	r0, #1
 309 000a FFF7FEFF 		bl	alumer_gauche
 310              	.LVL25:
 106:Src/freertos.c ****     osDelay(2000);
 311              		.loc 1 106 0
 312 000e FFF7FEFF 		bl	accelerer
 313              	.LVL26:
 107:Src/freertos.c ****     deccelerer();
 314              		.loc 1 107 0
 315 0012 4FF4FA60 		mov	r0, #2000
 316 0016 FFF7FEFF 		bl	osDelay
 317              	.LVL27:
 108:Src/freertos.c ****     eteindre_droite();
 318              		.loc 1 108 0
 319 001a FFF7FEFF 		bl	deccelerer
 320              	.LVL28:
 109:Src/freertos.c ****     eteindre_gauche();
 321              		.loc 1 109 0
 322 001e FFF7FEFF 		bl	eteindre_droite
 323              	.LVL29:
 110:Src/freertos.c **** }
 324              		.loc 1 110 0
 325 0022 FFF7FEFF 		bl	eteindre_gauche
 326              	.LVL30:
 327 0026 08BD     		pop	{r3, pc}
 328              		.cfi_endproc
 329              	.LFE133:
 331              		.section	.text.reculer_dix_cm,"ax",%progbits
 332              		.align	2
 333              		.global	reculer_dix_cm
 334              		.thumb
 335              		.thumb_func
 337              	reculer_dix_cm:
 338              	.LFB134:
 113:Src/freertos.c ****     alumer_droite(0);
 339              		.loc 1 113 0
 340              		.cfi_startproc
 341              		@ args = 0, pretend = 0, frame = 0
 342              		@ frame_needed = 0, uses_anonymous_args = 0
 343 0000 08B5     		push	{r3, lr}
 344              	.LCFI7:
 345              		.cfi_def_cfa_offset 8
 346              		.cfi_offset 3, -8
 347              		.cfi_offset 14, -4
 114:Src/freertos.c ****     alumer_gauche(0);
 348              		.loc 1 114 0
 349 0002 0020     		movs	r0, #0
 350 0004 FFF7FEFF 		bl	alumer_droite
 351              	.LVL31:
 115:Src/freertos.c ****     accelerer();
 352              		.loc 1 115 0
 353 0008 0020     		movs	r0, #0
ARM GAS  /tmp/ccSEQsPW.s 			page 10


 354 000a FFF7FEFF 		bl	alumer_gauche
 355              	.LVL32:
 116:Src/freertos.c ****     osDelay(2000);
 356              		.loc 1 116 0
 357 000e FFF7FEFF 		bl	accelerer
 358              	.LVL33:
 117:Src/freertos.c ****     deccelerer();
 359              		.loc 1 117 0
 360 0012 4FF4FA60 		mov	r0, #2000
 361 0016 FFF7FEFF 		bl	osDelay
 362              	.LVL34:
 118:Src/freertos.c ****     eteindre_droite();
 363              		.loc 1 118 0
 364 001a FFF7FEFF 		bl	deccelerer
 365              	.LVL35:
 119:Src/freertos.c ****     eteindre_gauche();
 366              		.loc 1 119 0
 367 001e FFF7FEFF 		bl	eteindre_droite
 368              	.LVL36:
 120:Src/freertos.c **** 
 369              		.loc 1 120 0
 370 0022 FFF7FEFF 		bl	eteindre_gauche
 371              	.LVL37:
 372 0026 08BD     		pop	{r3, pc}
 373              		.cfi_endproc
 374              	.LFE134:
 376              		.section	.text.tourner_droite,"ax",%progbits
 377              		.align	2
 378              		.global	tourner_droite
 379              		.thumb
 380              		.thumb_func
 382              	tourner_droite:
 383              	.LFB135:
 124:Src/freertos.c ****     alumer_gauche(1);
 384              		.loc 1 124 0
 385              		.cfi_startproc
 386              		@ args = 0, pretend = 0, frame = 0
 387              		@ frame_needed = 0, uses_anonymous_args = 0
 388 0000 08B5     		push	{r3, lr}
 389              	.LCFI8:
 390              		.cfi_def_cfa_offset 8
 391              		.cfi_offset 3, -8
 392              		.cfi_offset 14, -4
 125:Src/freertos.c ****     alumer_droite(0);
 393              		.loc 1 125 0
 394 0002 0120     		movs	r0, #1
 395 0004 FFF7FEFF 		bl	alumer_gauche
 396              	.LVL38:
 126:Src/freertos.c ****     accelerer();
 397              		.loc 1 126 0
 398 0008 0020     		movs	r0, #0
 399 000a FFF7FEFF 		bl	alumer_droite
 400              	.LVL39:
 127:Src/freertos.c ****     osDelay(1000);
 401              		.loc 1 127 0
 402 000e FFF7FEFF 		bl	accelerer
 403              	.LVL40:
ARM GAS  /tmp/ccSEQsPW.s 			page 11


 128:Src/freertos.c ****     deccelerer();
 404              		.loc 1 128 0
 405 0012 4FF47A70 		mov	r0, #1000
 406 0016 FFF7FEFF 		bl	osDelay
 407              	.LVL41:
 129:Src/freertos.c ****     eteindre_droite();
 408              		.loc 1 129 0
 409 001a FFF7FEFF 		bl	deccelerer
 410              	.LVL42:
 130:Src/freertos.c ****     eteindre_gauche();
 411              		.loc 1 130 0
 412 001e FFF7FEFF 		bl	eteindre_droite
 413              	.LVL43:
 131:Src/freertos.c **** }
 414              		.loc 1 131 0
 415 0022 FFF7FEFF 		bl	eteindre_gauche
 416              	.LVL44:
 417 0026 08BD     		pop	{r3, pc}
 418              		.cfi_endproc
 419              	.LFE135:
 421              		.section	.text.tourner_gauche,"ax",%progbits
 422              		.align	2
 423              		.global	tourner_gauche
 424              		.thumb
 425              		.thumb_func
 427              	tourner_gauche:
 428              	.LFB136:
 134:Src/freertos.c ****     alumer_droite(1);
 429              		.loc 1 134 0
 430              		.cfi_startproc
 431              		@ args = 0, pretend = 0, frame = 0
 432              		@ frame_needed = 0, uses_anonymous_args = 0
 433 0000 08B5     		push	{r3, lr}
 434              	.LCFI9:
 435              		.cfi_def_cfa_offset 8
 436              		.cfi_offset 3, -8
 437              		.cfi_offset 14, -4
 135:Src/freertos.c ****     alumer_gauche(0);
 438              		.loc 1 135 0
 439 0002 0120     		movs	r0, #1
 440 0004 FFF7FEFF 		bl	alumer_droite
 441              	.LVL45:
 136:Src/freertos.c ****     accelerer();
 442              		.loc 1 136 0
 443 0008 0020     		movs	r0, #0
 444 000a FFF7FEFF 		bl	alumer_gauche
 445              	.LVL46:
 137:Src/freertos.c ****     osDelay(1000);
 446              		.loc 1 137 0
 447 000e FFF7FEFF 		bl	accelerer
 448              	.LVL47:
 138:Src/freertos.c ****     deccelerer();
 449              		.loc 1 138 0
 450 0012 4FF47A70 		mov	r0, #1000
 451 0016 FFF7FEFF 		bl	osDelay
 452              	.LVL48:
 139:Src/freertos.c ****     eteindre_droite();
ARM GAS  /tmp/ccSEQsPW.s 			page 12


 453              		.loc 1 139 0
 454 001a FFF7FEFF 		bl	deccelerer
 455              	.LVL49:
 140:Src/freertos.c ****     eteindre_gauche();
 456              		.loc 1 140 0
 457 001e FFF7FEFF 		bl	eteindre_droite
 458              	.LVL50:
 141:Src/freertos.c **** }
 459              		.loc 1 141 0
 460 0022 FFF7FEFF 		bl	eteindre_gauche
 461              	.LVL51:
 462 0026 08BD     		pop	{r3, pc}
 463              		.cfi_endproc
 464              	.LFE136:
 466              		.section	.text.moteurCtrl,"ax",%progbits
 467              		.align	2
 468              		.global	moteurCtrl
 469              		.thumb
 470              		.thumb_func
 472              	moteurCtrl:
 473              	.LFB139:
 163:Src/freertos.c **** 
 164:Src/freertos.c **** /* USER CODE END FunctionPrototypes */
 165:Src/freertos.c **** 
 166:Src/freertos.c **** /* Hook prototypes */
 167:Src/freertos.c **** 
 168:Src/freertos.c **** /* USER CODE BEGIN Application */
 169:Src/freertos.c **** void moteurCtrl(void const * argument)
 170:Src/freertos.c **** {
 474              		.loc 1 170 0
 475              		.cfi_startproc
 476              		@ Volatile: function does not return.
 477              		@ args = 0, pretend = 0, frame = 0
 478              		@ frame_needed = 0, uses_anonymous_args = 0
 479              	.LVL52:
 480 0000 08B5     		push	{r3, lr}
 481              	.LCFI10:
 482              		.cfi_def_cfa_offset 8
 483              		.cfi_offset 3, -8
 484              		.cfi_offset 14, -4
 171:Src/freertos.c ****   /* USER CODE BEGIN moteurCtrl */
 172:Src/freertos.c ****   HAL_TIM_Base_Start(&htim3);
 485              		.loc 1 172 0
 486 0002 164C     		ldr	r4, .L40
 487 0004 2046     		mov	r0, r4
 488              	.LVL53:
 489 0006 FFF7FEFF 		bl	HAL_TIM_Base_Start
 490              	.LVL54:
 173:Src/freertos.c ****   HAL_TIM_PWM_Start(&htim3, TIM_CHANNEL_1);
 491              		.loc 1 173 0
 492 000a 0021     		movs	r1, #0
 493 000c 2046     		mov	r0, r4
 494 000e FFF7FEFF 		bl	HAL_TIM_PWM_Start
 495              	.LVL55:
 174:Src/freertos.c ****   HAL_TIM_PWM_Start(&htim3, TIM_CHANNEL_4);
 496              		.loc 1 174 0
 497 0012 0C21     		movs	r1, #12
ARM GAS  /tmp/ccSEQsPW.s 			page 13


 498 0014 2046     		mov	r0, r4
 499 0016 FFF7FEFF 		bl	HAL_TIM_PWM_Start
 500              	.LVL56:
 175:Src/freertos.c **** 
 176:Src/freertos.c ****   HAL_GPIO_WritePin(stby_GPIO_Port, stby_Pin, 1);
 501              		.loc 1 176 0
 502 001a 0122     		movs	r2, #1
 503 001c 4FF48071 		mov	r1, #256
 504 0020 4FF09040 		mov	r0, #1207959552
 505 0024 FFF7FEFF 		bl	HAL_GPIO_WritePin
 506              	.LVL57:
 507              	.L38:
 177:Src/freertos.c ****   /* Infinite loop */
 178:Src/freertos.c ****   for(;;)
 179:Src/freertos.c ****   {
 180:Src/freertos.c ****     avancer_dix_cm();
 508              		.loc 1 180 0 discriminator 1
 509 0028 FFF7FEFF 		bl	avancer_dix_cm
 510              	.LVL58:
 181:Src/freertos.c ****     osDelay(2000);
 511              		.loc 1 181 0 discriminator 1
 512 002c 4FF4FA60 		mov	r0, #2000
 513 0030 FFF7FEFF 		bl	osDelay
 514              	.LVL59:
 182:Src/freertos.c ****     reculer_dix_cm();
 515              		.loc 1 182 0 discriminator 1
 516 0034 FFF7FEFF 		bl	reculer_dix_cm
 517              	.LVL60:
 183:Src/freertos.c ****     osDelay(2000);
 518              		.loc 1 183 0 discriminator 1
 519 0038 4FF4FA60 		mov	r0, #2000
 520 003c FFF7FEFF 		bl	osDelay
 521              	.LVL61:
 184:Src/freertos.c ****     tourner_droite();
 522              		.loc 1 184 0 discriminator 1
 523 0040 FFF7FEFF 		bl	tourner_droite
 524              	.LVL62:
 185:Src/freertos.c ****     osDelay(2000);
 525              		.loc 1 185 0 discriminator 1
 526 0044 4FF4FA60 		mov	r0, #2000
 527 0048 FFF7FEFF 		bl	osDelay
 528              	.LVL63:
 186:Src/freertos.c ****     tourner_gauche();
 529              		.loc 1 186 0 discriminator 1
 530 004c FFF7FEFF 		bl	tourner_gauche
 531              	.LVL64:
 187:Src/freertos.c ****     osDelay(2000);
 532              		.loc 1 187 0 discriminator 1
 533 0050 4FF4FA60 		mov	r0, #2000
 534 0054 FFF7FEFF 		bl	osDelay
 535              	.LVL65:
 536 0058 E6E7     		b	.L38
 537              	.L41:
 538 005a 00BF     		.align	2
 539              	.L40:
 540 005c 00000000 		.word	htim3
 541              		.cfi_endproc
ARM GAS  /tmp/ccSEQsPW.s 			page 14


 542              	.LFE139:
 544              		.text
 545              	.Letext0:
 546              		.file 2 "/usr/include/newlib/machine/_default_types.h"
 547              		.file 3 "/usr/include/newlib/sys/_stdint.h"
 548              		.file 4 "Drivers/CMSIS/Device/ST/STM32F3xx/Include/stm32f303x8.h"
 549              		.file 5 "Drivers/STM32F3xx_HAL_Driver/Inc/stm32f3xx_hal_def.h"
 550              		.file 6 "Drivers/STM32F3xx_HAL_Driver/Inc/stm32f3xx_hal_dma.h"
 551              		.file 7 "Drivers/STM32F3xx_HAL_Driver/Inc/stm32f3xx_hal_tim.h"
 552              		.file 8 "Drivers/CMSIS/Include/core_cm4.h"
 553              		.file 9 "Drivers/STM32F3xx_HAL_Driver/Inc/stm32f3xx_hal_gpio.h"
 554              		.file 10 "Middlewares/Third_Party/FreeRTOS/Source/CMSIS_RTOS/cmsis_os.h"
ARM GAS  /tmp/ccSEQsPW.s 			page 15


DEFINED SYMBOLS
                            *ABS*:0000000000000000 freertos.c
     /tmp/ccSEQsPW.s:22     .text.alumer_gauche:0000000000000000 $t
     /tmp/ccSEQsPW.s:27     .text.alumer_gauche:0000000000000000 alumer_gauche
     /tmp/ccSEQsPW.s:63     .text.alumer_gauche:0000000000000020 $d
     /tmp/ccSEQsPW.s:68     .text.alumer_droite:0000000000000000 $t
     /tmp/ccSEQsPW.s:73     .text.alumer_droite:0000000000000000 alumer_droite
     /tmp/ccSEQsPW.s:105    .text.alumer_droite:0000000000000024 $d
     /tmp/ccSEQsPW.s:110    .text.eteindre_gauche:0000000000000000 $t
     /tmp/ccSEQsPW.s:115    .text.eteindre_gauche:0000000000000000 eteindre_gauche
     /tmp/ccSEQsPW.s:143    .text.eteindre_gauche:000000000000001c $d
     /tmp/ccSEQsPW.s:148    .text.eteindre_droite:0000000000000000 $t
     /tmp/ccSEQsPW.s:153    .text.eteindre_droite:0000000000000000 eteindre_droite
     /tmp/ccSEQsPW.s:180    .text.eteindre_droite:000000000000001c $d
     /tmp/ccSEQsPW.s:185    .text.accelerer:0000000000000000 $t
     /tmp/ccSEQsPW.s:190    .text.accelerer:0000000000000000 accelerer
     /tmp/ccSEQsPW.s:231    .text.accelerer:0000000000000020 $d
     /tmp/ccSEQsPW.s:236    .text.deccelerer:0000000000000000 $t
     /tmp/ccSEQsPW.s:241    .text.deccelerer:0000000000000000 deccelerer
     /tmp/ccSEQsPW.s:282    .text.deccelerer:0000000000000020 $d
     /tmp/ccSEQsPW.s:287    .text.avancer_dix_cm:0000000000000000 $t
     /tmp/ccSEQsPW.s:292    .text.avancer_dix_cm:0000000000000000 avancer_dix_cm
     /tmp/ccSEQsPW.s:332    .text.reculer_dix_cm:0000000000000000 $t
     /tmp/ccSEQsPW.s:337    .text.reculer_dix_cm:0000000000000000 reculer_dix_cm
     /tmp/ccSEQsPW.s:377    .text.tourner_droite:0000000000000000 $t
     /tmp/ccSEQsPW.s:382    .text.tourner_droite:0000000000000000 tourner_droite
     /tmp/ccSEQsPW.s:422    .text.tourner_gauche:0000000000000000 $t
     /tmp/ccSEQsPW.s:427    .text.tourner_gauche:0000000000000000 tourner_gauche
     /tmp/ccSEQsPW.s:467    .text.moteurCtrl:0000000000000000 $t
     /tmp/ccSEQsPW.s:472    .text.moteurCtrl:0000000000000000 moteurCtrl
     /tmp/ccSEQsPW.s:540    .text.moteurCtrl:000000000000005c $d
                     .debug_frame:0000000000000010 $d

UNDEFINED SYMBOLS
HAL_GPIO_WritePin
osDelay
htim3
HAL_TIM_Base_Start
HAL_TIM_PWM_Start
