ARM GAS  /tmp/ccAwi2qg.s 			page 1


   1              		.syntax unified
   2              		.cpu cortex-m4
   3              		.eabi_attribute 27, 1
   4              		.eabi_attribute 28, 1
   5              		.fpu fpv4-sp-d16
   6              		.eabi_attribute 20, 1
   7              		.eabi_attribute 21, 1
   8              		.eabi_attribute 23, 3
   9              		.eabi_attribute 24, 1
  10              		.eabi_attribute 25, 1
  11              		.eabi_attribute 26, 1
  12              		.eabi_attribute 30, 1
  13              		.eabi_attribute 34, 1
  14              		.eabi_attribute 18, 4
  15              		.thumb
  16              		.file	"stm32f3xx_hal_timebase_TIM.c"
  17              		.text
  18              	.Ltext0:
  19              		.cfi_sections	.debug_frame
  20              		.section	.text.HAL_InitTick,"ax",%progbits
  21              		.align	2
  22              		.global	HAL_InitTick
  23              		.thumb
  24              		.thumb_func
  26              	HAL_InitTick:
  27              	.LFB123:
  28              		.file 1 "Src/stm32f3xx_hal_timebase_TIM.c"
   1:Src/stm32f3xx_hal_timebase_TIM.c **** /**
   2:Src/stm32f3xx_hal_timebase_TIM.c ****   ******************************************************************************
   3:Src/stm32f3xx_hal_timebase_TIM.c ****   * @file    stm32f3xx_hal_timebase_TIM.c 
   4:Src/stm32f3xx_hal_timebase_TIM.c ****   * @brief   HAL time base based on the hardware TIM.
   5:Src/stm32f3xx_hal_timebase_TIM.c ****   ******************************************************************************
   6:Src/stm32f3xx_hal_timebase_TIM.c ****   * This notice applies to any and all portions of this file
   7:Src/stm32f3xx_hal_timebase_TIM.c ****   * that are not between comment pairs USER CODE BEGIN and
   8:Src/stm32f3xx_hal_timebase_TIM.c ****   * USER CODE END. Other portions of this file, whether 
   9:Src/stm32f3xx_hal_timebase_TIM.c ****   * inserted by the user or by software development tools
  10:Src/stm32f3xx_hal_timebase_TIM.c ****   * are owned by their respective copyright owners.
  11:Src/stm32f3xx_hal_timebase_TIM.c ****   *
  12:Src/stm32f3xx_hal_timebase_TIM.c ****   * Copyright (c) 2017 STMicroelectronics International N.V. 
  13:Src/stm32f3xx_hal_timebase_TIM.c ****   * All rights reserved.
  14:Src/stm32f3xx_hal_timebase_TIM.c ****   *
  15:Src/stm32f3xx_hal_timebase_TIM.c ****   * Redistribution and use in source and binary forms, with or without 
  16:Src/stm32f3xx_hal_timebase_TIM.c ****   * modification, are permitted, provided that the following conditions are met:
  17:Src/stm32f3xx_hal_timebase_TIM.c ****   *
  18:Src/stm32f3xx_hal_timebase_TIM.c ****   * 1. Redistribution of source code must retain the above copyright notice, 
  19:Src/stm32f3xx_hal_timebase_TIM.c ****   *    this list of conditions and the following disclaimer.
  20:Src/stm32f3xx_hal_timebase_TIM.c ****   * 2. Redistributions in binary form must reproduce the above copyright notice,
  21:Src/stm32f3xx_hal_timebase_TIM.c ****   *    this list of conditions and the following disclaimer in the documentation
  22:Src/stm32f3xx_hal_timebase_TIM.c ****   *    and/or other materials provided with the distribution.
  23:Src/stm32f3xx_hal_timebase_TIM.c ****   * 3. Neither the name of STMicroelectronics nor the names of other 
  24:Src/stm32f3xx_hal_timebase_TIM.c ****   *    contributors to this software may be used to endorse or promote products 
  25:Src/stm32f3xx_hal_timebase_TIM.c ****   *    derived from this software without specific written permission.
  26:Src/stm32f3xx_hal_timebase_TIM.c ****   * 4. This software, including modifications and/or derivative works of this 
  27:Src/stm32f3xx_hal_timebase_TIM.c ****   *    software, must execute solely and exclusively on microcontroller or
  28:Src/stm32f3xx_hal_timebase_TIM.c ****   *    microprocessor devices manufactured by or for STMicroelectronics.
  29:Src/stm32f3xx_hal_timebase_TIM.c ****   * 5. Redistribution and use of this software other than as permitted under 
  30:Src/stm32f3xx_hal_timebase_TIM.c ****   *    this license is void and will automatically terminate your rights under 
ARM GAS  /tmp/ccAwi2qg.s 			page 2


  31:Src/stm32f3xx_hal_timebase_TIM.c ****   *    this license. 
  32:Src/stm32f3xx_hal_timebase_TIM.c ****   *
  33:Src/stm32f3xx_hal_timebase_TIM.c ****   * THIS SOFTWARE IS PROVIDED BY STMICROELECTRONICS AND CONTRIBUTORS "AS IS" 
  34:Src/stm32f3xx_hal_timebase_TIM.c ****   * AND ANY EXPRESS, IMPLIED OR STATUTORY WARRANTIES, INCLUDING, BUT NOT 
  35:Src/stm32f3xx_hal_timebase_TIM.c ****   * LIMITED TO, THE IMPLIED WARRANTIES OF MERCHANTABILITY, FITNESS FOR A 
  36:Src/stm32f3xx_hal_timebase_TIM.c ****   * PARTICULAR PURPOSE AND NON-INFRINGEMENT OF THIRD PARTY INTELLECTUAL PROPERTY
  37:Src/stm32f3xx_hal_timebase_TIM.c ****   * RIGHTS ARE DISCLAIMED TO THE FULLEST EXTENT PERMITTED BY LAW. IN NO EVENT 
  38:Src/stm32f3xx_hal_timebase_TIM.c ****   * SHALL STMICROELECTRONICS OR CONTRIBUTORS BE LIABLE FOR ANY DIRECT, INDIRECT,
  39:Src/stm32f3xx_hal_timebase_TIM.c ****   * INCIDENTAL, SPECIAL, EXEMPLARY, OR CONSEQUENTIAL DAMAGES (INCLUDING, BUT NOT
  40:Src/stm32f3xx_hal_timebase_TIM.c ****   * LIMITED TO, PROCUREMENT OF SUBSTITUTE GOODS OR SERVICES; LOSS OF USE, DATA, 
  41:Src/stm32f3xx_hal_timebase_TIM.c ****   * OR PROFITS; OR BUSINESS INTERRUPTION) HOWEVER CAUSED AND ON ANY THEORY OF 
  42:Src/stm32f3xx_hal_timebase_TIM.c ****   * LIABILITY, WHETHER IN CONTRACT, STRICT LIABILITY, OR TORT (INCLUDING 
  43:Src/stm32f3xx_hal_timebase_TIM.c ****   * NEGLIGENCE OR OTHERWISE) ARISING IN ANY WAY OUT OF THE USE OF THIS SOFTWARE,
  44:Src/stm32f3xx_hal_timebase_TIM.c ****   * EVEN IF ADVISED OF THE POSSIBILITY OF SUCH DAMAGE.
  45:Src/stm32f3xx_hal_timebase_TIM.c ****   *
  46:Src/stm32f3xx_hal_timebase_TIM.c ****   ******************************************************************************
  47:Src/stm32f3xx_hal_timebase_TIM.c ****   */
  48:Src/stm32f3xx_hal_timebase_TIM.c **** 
  49:Src/stm32f3xx_hal_timebase_TIM.c **** /* Includes ------------------------------------------------------------------*/
  50:Src/stm32f3xx_hal_timebase_TIM.c **** #include "stm32f3xx_hal.h"
  51:Src/stm32f3xx_hal_timebase_TIM.c **** #include "stm32f3xx_hal_tim.h"
  52:Src/stm32f3xx_hal_timebase_TIM.c **** /** @addtogroup STM32F7xx_HAL_Examples
  53:Src/stm32f3xx_hal_timebase_TIM.c ****   * @{
  54:Src/stm32f3xx_hal_timebase_TIM.c ****   */
  55:Src/stm32f3xx_hal_timebase_TIM.c **** 
  56:Src/stm32f3xx_hal_timebase_TIM.c **** /** @addtogroup HAL_TimeBase
  57:Src/stm32f3xx_hal_timebase_TIM.c ****   * @{
  58:Src/stm32f3xx_hal_timebase_TIM.c ****   */ 
  59:Src/stm32f3xx_hal_timebase_TIM.c **** 
  60:Src/stm32f3xx_hal_timebase_TIM.c **** /* Private typedef -----------------------------------------------------------*/
  61:Src/stm32f3xx_hal_timebase_TIM.c **** /* Private define ------------------------------------------------------------*/
  62:Src/stm32f3xx_hal_timebase_TIM.c **** /* Private macro -------------------------------------------------------------*/
  63:Src/stm32f3xx_hal_timebase_TIM.c **** /* Private variables ---------------------------------------------------------*/
  64:Src/stm32f3xx_hal_timebase_TIM.c **** TIM_HandleTypeDef        htim15; 
  65:Src/stm32f3xx_hal_timebase_TIM.c **** uint32_t                 uwIncrementState = 0;
  66:Src/stm32f3xx_hal_timebase_TIM.c **** /* Private function prototypes -----------------------------------------------*/
  67:Src/stm32f3xx_hal_timebase_TIM.c **** /* Private functions ---------------------------------------------------------*/
  68:Src/stm32f3xx_hal_timebase_TIM.c **** 
  69:Src/stm32f3xx_hal_timebase_TIM.c **** /**
  70:Src/stm32f3xx_hal_timebase_TIM.c ****   * @brief  This function configures the TIM15 as a time base source. 
  71:Src/stm32f3xx_hal_timebase_TIM.c ****   *         The time source is configured  to have 1ms time base with a dedicated 
  72:Src/stm32f3xx_hal_timebase_TIM.c ****   *         Tick interrupt priority. 
  73:Src/stm32f3xx_hal_timebase_TIM.c ****   * @note   This function is called  automatically at the beginning of program after
  74:Src/stm32f3xx_hal_timebase_TIM.c ****   *         reset by HAL_Init() or at any time when clock is configured, by HAL_RCC_ClockConfig(). 
  75:Src/stm32f3xx_hal_timebase_TIM.c ****   * @param  TickPriority: Tick interrupt priorty.
  76:Src/stm32f3xx_hal_timebase_TIM.c ****   * @retval HAL status
  77:Src/stm32f3xx_hal_timebase_TIM.c ****   */
  78:Src/stm32f3xx_hal_timebase_TIM.c **** HAL_StatusTypeDef HAL_InitTick(uint32_t TickPriority)
  79:Src/stm32f3xx_hal_timebase_TIM.c **** {
  29              		.loc 1 79 0
  30              		.cfi_startproc
  31              		@ args = 0, pretend = 0, frame = 32
  32              		@ frame_needed = 0, uses_anonymous_args = 0
  33              	.LVL0:
  34 0000 00B5     		push	{lr}
  35              	.LCFI0:
  36              		.cfi_def_cfa_offset 4
ARM GAS  /tmp/ccAwi2qg.s 			page 3


  37              		.cfi_offset 14, -4
  38 0002 89B0     		sub	sp, sp, #36
  39              	.LCFI1:
  40              		.cfi_def_cfa_offset 40
  41 0004 0146     		mov	r1, r0
  42              	.LVL1:
  80:Src/stm32f3xx_hal_timebase_TIM.c ****   RCC_ClkInitTypeDef    clkconfig;
  81:Src/stm32f3xx_hal_timebase_TIM.c ****   uint32_t              uwTimclock = 0;
  82:Src/stm32f3xx_hal_timebase_TIM.c ****   uint32_t              uwPrescalerValue = 0;
  83:Src/stm32f3xx_hal_timebase_TIM.c ****   uint32_t              pFLatency;
  84:Src/stm32f3xx_hal_timebase_TIM.c ****   
  85:Src/stm32f3xx_hal_timebase_TIM.c ****   /*Configure the TIM15 IRQ priority */
  86:Src/stm32f3xx_hal_timebase_TIM.c ****   HAL_NVIC_SetPriority(TIM1_BRK_TIM15_IRQn, TickPriority ,0); 
  43              		.loc 1 86 0
  44 0006 1820     		movs	r0, #24
  45              	.LVL2:
  46 0008 0022     		movs	r2, #0
  47 000a FFF7FEFF 		bl	HAL_NVIC_SetPriority
  48              	.LVL3:
  87:Src/stm32f3xx_hal_timebase_TIM.c ****   
  88:Src/stm32f3xx_hal_timebase_TIM.c ****   /* Enable the TIM15 global Interrupt */
  89:Src/stm32f3xx_hal_timebase_TIM.c ****   HAL_NVIC_EnableIRQ(TIM1_BRK_TIM15_IRQn); 
  49              		.loc 1 89 0
  50 000e 1820     		movs	r0, #24
  51 0010 FFF7FEFF 		bl	HAL_NVIC_EnableIRQ
  52              	.LVL4:
  53              	.LBB2:
  90:Src/stm32f3xx_hal_timebase_TIM.c ****   
  91:Src/stm32f3xx_hal_timebase_TIM.c ****   /* Enable TIM15 clock */
  92:Src/stm32f3xx_hal_timebase_TIM.c ****   __HAL_RCC_TIM15_CLK_ENABLE();
  54              		.loc 1 92 0
  55 0014 144B     		ldr	r3, .L5
  56 0016 9A69     		ldr	r2, [r3, #24]
  57 0018 42F48032 		orr	r2, r2, #65536
  58 001c 9A61     		str	r2, [r3, #24]
  59 001e 9B69     		ldr	r3, [r3, #24]
  60 0020 03F48033 		and	r3, r3, #65536
  61 0024 0193     		str	r3, [sp, #4]
  62 0026 019B     		ldr	r3, [sp, #4]
  63              	.LBE2:
  93:Src/stm32f3xx_hal_timebase_TIM.c ****   
  94:Src/stm32f3xx_hal_timebase_TIM.c ****   /* Get clock configuration */
  95:Src/stm32f3xx_hal_timebase_TIM.c ****   HAL_RCC_GetClockConfig(&clkconfig, &pFLatency);
  64              		.loc 1 95 0
  65 0028 03A8     		add	r0, sp, #12
  66 002a 02A9     		add	r1, sp, #8
  67 002c FFF7FEFF 		bl	HAL_RCC_GetClockConfig
  68              	.LVL5:
  96:Src/stm32f3xx_hal_timebase_TIM.c ****   
  97:Src/stm32f3xx_hal_timebase_TIM.c ****   /* Compute TIM15 clock */
  98:Src/stm32f3xx_hal_timebase_TIM.c ****   uwTimclock = HAL_RCC_GetPCLK2Freq();
  69              		.loc 1 98 0
  70 0030 FFF7FEFF 		bl	HAL_RCC_GetPCLK2Freq
  71              	.LVL6:
  99:Src/stm32f3xx_hal_timebase_TIM.c ****    
 100:Src/stm32f3xx_hal_timebase_TIM.c ****   /* Compute the prescaler value to have TIM15 counter clock equal to 1MHz */
 101:Src/stm32f3xx_hal_timebase_TIM.c ****   uwPrescalerValue = (uint32_t) ((uwTimclock / 1000000) - 1);
ARM GAS  /tmp/ccAwi2qg.s 			page 4


  72              		.loc 1 101 0
  73 0034 0D4B     		ldr	r3, .L5+4
  74 0036 A3FB0023 		umull	r2, r3, r3, r0
  75 003a 9B0C     		lsrs	r3, r3, #18
  76 003c 013B     		subs	r3, r3, #1
  77              	.LVL7:
 102:Src/stm32f3xx_hal_timebase_TIM.c ****   
 103:Src/stm32f3xx_hal_timebase_TIM.c ****   /* Initialize TIM15 */
 104:Src/stm32f3xx_hal_timebase_TIM.c ****   htim15.Instance = TIM15;
  78              		.loc 1 104 0
  79 003e 0C48     		ldr	r0, .L5+8
  80              	.LVL8:
  81 0040 0C4A     		ldr	r2, .L5+12
  82 0042 0260     		str	r2, [r0]
 105:Src/stm32f3xx_hal_timebase_TIM.c ****   
 106:Src/stm32f3xx_hal_timebase_TIM.c ****   /* Initialize TIMx peripheral as follow:
 107:Src/stm32f3xx_hal_timebase_TIM.c ****   + Period = [(TIM15CLK/1000) - 1]. to have a (1/1000) s time base.
 108:Src/stm32f3xx_hal_timebase_TIM.c ****   + Prescaler = (uwTimclock/1000000 - 1) to have a 1MHz counter clock.
 109:Src/stm32f3xx_hal_timebase_TIM.c ****   + ClockDivision = 0
 110:Src/stm32f3xx_hal_timebase_TIM.c ****   + Counter direction = Up
 111:Src/stm32f3xx_hal_timebase_TIM.c ****   */
 112:Src/stm32f3xx_hal_timebase_TIM.c ****   htim15.Init.Period = (1000000 / 1000) - 1;
  83              		.loc 1 112 0
  84 0044 40F2E732 		movw	r2, #999
  85 0048 C260     		str	r2, [r0, #12]
 113:Src/stm32f3xx_hal_timebase_TIM.c ****   htim15.Init.Prescaler = uwPrescalerValue;
  86              		.loc 1 113 0
  87 004a 4360     		str	r3, [r0, #4]
 114:Src/stm32f3xx_hal_timebase_TIM.c ****   htim15.Init.ClockDivision = 0;
  88              		.loc 1 114 0
  89 004c 0023     		movs	r3, #0
  90              	.LVL9:
  91 004e 0361     		str	r3, [r0, #16]
 115:Src/stm32f3xx_hal_timebase_TIM.c ****   htim15.Init.CounterMode = TIM_COUNTERMODE_UP;
  92              		.loc 1 115 0
  93 0050 8360     		str	r3, [r0, #8]
 116:Src/stm32f3xx_hal_timebase_TIM.c ****   if(HAL_TIM_Base_Init(&htim15) == HAL_OK)
  94              		.loc 1 116 0
  95 0052 FFF7FEFF 		bl	HAL_TIM_Base_Init
  96              	.LVL10:
  97 0056 18B9     		cbnz	r0, .L3
 117:Src/stm32f3xx_hal_timebase_TIM.c ****   {
 118:Src/stm32f3xx_hal_timebase_TIM.c ****     /* Start the TIM time Base generation in interrupt mode */
 119:Src/stm32f3xx_hal_timebase_TIM.c ****     return HAL_TIM_Base_Start_IT(&htim15);
  98              		.loc 1 119 0
  99 0058 0548     		ldr	r0, .L5+8
 100 005a FFF7FEFF 		bl	HAL_TIM_Base_Start_IT
 101              	.LVL11:
 102 005e 00E0     		b	.L2
 103              	.L3:
 120:Src/stm32f3xx_hal_timebase_TIM.c ****   }
 121:Src/stm32f3xx_hal_timebase_TIM.c ****   
 122:Src/stm32f3xx_hal_timebase_TIM.c ****   /* Return function status */
 123:Src/stm32f3xx_hal_timebase_TIM.c ****   return HAL_ERROR;
 104              		.loc 1 123 0
 105 0060 0120     		movs	r0, #1
 106              	.L2:
ARM GAS  /tmp/ccAwi2qg.s 			page 5


 124:Src/stm32f3xx_hal_timebase_TIM.c **** }
 107              		.loc 1 124 0
 108 0062 09B0     		add	sp, sp, #36
 109              	.LCFI2:
 110              		.cfi_def_cfa_offset 4
 111              		@ sp needed
 112 0064 5DF804FB 		ldr	pc, [sp], #4
 113              	.L6:
 114              		.align	2
 115              	.L5:
 116 0068 00100240 		.word	1073876992
 117 006c 83DE1B43 		.word	1125899907
 118 0070 00000000 		.word	htim15
 119 0074 00400140 		.word	1073823744
 120              		.cfi_endproc
 121              	.LFE123:
 123              		.section	.text.HAL_SuspendTick,"ax",%progbits
 124              		.align	2
 125              		.global	HAL_SuspendTick
 126              		.thumb
 127              		.thumb_func
 129              	HAL_SuspendTick:
 130              	.LFB124:
 125:Src/stm32f3xx_hal_timebase_TIM.c **** 
 126:Src/stm32f3xx_hal_timebase_TIM.c **** /**
 127:Src/stm32f3xx_hal_timebase_TIM.c ****   * @brief  Suspend Tick increment.
 128:Src/stm32f3xx_hal_timebase_TIM.c ****   * @note   Disable the tick increment by disabling TIM15 update interrupt.
 129:Src/stm32f3xx_hal_timebase_TIM.c ****   * @param  None
 130:Src/stm32f3xx_hal_timebase_TIM.c ****   * @retval None
 131:Src/stm32f3xx_hal_timebase_TIM.c ****   */
 132:Src/stm32f3xx_hal_timebase_TIM.c **** void HAL_SuspendTick(void)
 133:Src/stm32f3xx_hal_timebase_TIM.c **** {
 131              		.loc 1 133 0
 132              		.cfi_startproc
 133              		@ args = 0, pretend = 0, frame = 0
 134              		@ frame_needed = 0, uses_anonymous_args = 0
 135              		@ link register save eliminated.
 134:Src/stm32f3xx_hal_timebase_TIM.c ****   /* Disable TIM15 update Interrupt */
 135:Src/stm32f3xx_hal_timebase_TIM.c ****   __HAL_TIM_DISABLE_IT(&htim15, TIM_IT_UPDATE);                                                  
 136              		.loc 1 135 0
 137 0000 034B     		ldr	r3, .L8
 138 0002 1A68     		ldr	r2, [r3]
 139 0004 D368     		ldr	r3, [r2, #12]
 140 0006 23F00103 		bic	r3, r3, #1
 141 000a D360     		str	r3, [r2, #12]
 142 000c 7047     		bx	lr
 143              	.L9:
 144 000e 00BF     		.align	2
 145              	.L8:
 146 0010 00000000 		.word	htim15
 147              		.cfi_endproc
 148              	.LFE124:
 150              		.section	.text.HAL_ResumeTick,"ax",%progbits
 151              		.align	2
 152              		.global	HAL_ResumeTick
 153              		.thumb
 154              		.thumb_func
ARM GAS  /tmp/ccAwi2qg.s 			page 6


 156              	HAL_ResumeTick:
 157              	.LFB125:
 136:Src/stm32f3xx_hal_timebase_TIM.c **** }
 137:Src/stm32f3xx_hal_timebase_TIM.c **** 
 138:Src/stm32f3xx_hal_timebase_TIM.c **** /**
 139:Src/stm32f3xx_hal_timebase_TIM.c ****   * @brief  Resume Tick increment.
 140:Src/stm32f3xx_hal_timebase_TIM.c ****   * @note   Enable the tick increment by Enabling TIM15 update interrupt.
 141:Src/stm32f3xx_hal_timebase_TIM.c ****   * @param  None
 142:Src/stm32f3xx_hal_timebase_TIM.c ****   * @retval None
 143:Src/stm32f3xx_hal_timebase_TIM.c ****   */
 144:Src/stm32f3xx_hal_timebase_TIM.c **** void HAL_ResumeTick(void)
 145:Src/stm32f3xx_hal_timebase_TIM.c **** {
 158              		.loc 1 145 0
 159              		.cfi_startproc
 160              		@ args = 0, pretend = 0, frame = 0
 161              		@ frame_needed = 0, uses_anonymous_args = 0
 162              		@ link register save eliminated.
 146:Src/stm32f3xx_hal_timebase_TIM.c ****   /* Enable TIM15 Update interrupt */
 147:Src/stm32f3xx_hal_timebase_TIM.c ****   __HAL_TIM_ENABLE_IT(&htim15, TIM_IT_UPDATE);
 163              		.loc 1 147 0
 164 0000 034B     		ldr	r3, .L11
 165 0002 1A68     		ldr	r2, [r3]
 166 0004 D368     		ldr	r3, [r2, #12]
 167 0006 43F00103 		orr	r3, r3, #1
 168 000a D360     		str	r3, [r2, #12]
 169 000c 7047     		bx	lr
 170              	.L12:
 171 000e 00BF     		.align	2
 172              	.L11:
 173 0010 00000000 		.word	htim15
 174              		.cfi_endproc
 175              	.LFE125:
 177              		.global	uwIncrementState
 178              		.comm	htim15,64,4
 179              		.section	.bss.uwIncrementState,"aw",%nobits
 180              		.align	2
 183              	uwIncrementState:
 184 0000 00000000 		.space	4
 185              		.text
 186              	.Letext0:
 187              		.file 2 "Drivers/CMSIS/Device/ST/STM32F3xx/Include/stm32f303x8.h"
 188              		.file 3 "/usr/include/newlib/machine/_default_types.h"
 189              		.file 4 "/usr/include/newlib/sys/_stdint.h"
 190              		.file 5 "Drivers/STM32F3xx_HAL_Driver/Inc/stm32f3xx_hal_def.h"
 191              		.file 6 "Drivers/STM32F3xx_HAL_Driver/Inc/stm32f3xx_hal_rcc.h"
 192              		.file 7 "Drivers/STM32F3xx_HAL_Driver/Inc/stm32f3xx_hal_dma.h"
 193              		.file 8 "Drivers/STM32F3xx_HAL_Driver/Inc/stm32f3xx_hal_tim.h"
 194              		.file 9 "Drivers/CMSIS/Include/core_cm4.h"
 195              		.file 10 "Drivers/STM32F3xx_HAL_Driver/Inc/stm32f3xx_hal_cortex.h"
ARM GAS  /tmp/ccAwi2qg.s 			page 7


DEFINED SYMBOLS
                            *ABS*:0000000000000000 stm32f3xx_hal_timebase_TIM.c
     /tmp/ccAwi2qg.s:21     .text.HAL_InitTick:0000000000000000 $t
     /tmp/ccAwi2qg.s:26     .text.HAL_InitTick:0000000000000000 HAL_InitTick
     /tmp/ccAwi2qg.s:116    .text.HAL_InitTick:0000000000000068 $d
                            *COM*:0000000000000040 htim15
     /tmp/ccAwi2qg.s:124    .text.HAL_SuspendTick:0000000000000000 $t
     /tmp/ccAwi2qg.s:129    .text.HAL_SuspendTick:0000000000000000 HAL_SuspendTick
     /tmp/ccAwi2qg.s:146    .text.HAL_SuspendTick:0000000000000010 $d
     /tmp/ccAwi2qg.s:151    .text.HAL_ResumeTick:0000000000000000 $t
     /tmp/ccAwi2qg.s:156    .text.HAL_ResumeTick:0000000000000000 HAL_ResumeTick
     /tmp/ccAwi2qg.s:173    .text.HAL_ResumeTick:0000000000000010 $d
     /tmp/ccAwi2qg.s:183    .bss.uwIncrementState:0000000000000000 uwIncrementState
     /tmp/ccAwi2qg.s:180    .bss.uwIncrementState:0000000000000000 $d
                     .debug_frame:0000000000000010 $d

UNDEFINED SYMBOLS
HAL_NVIC_SetPriority
HAL_NVIC_EnableIRQ
HAL_RCC_GetClockConfig
HAL_RCC_GetPCLK2Freq
HAL_TIM_Base_Init
HAL_TIM_Base_Start_IT
